Log file open, 03/21/18 17:49:49
LogWindows: Failed to load 'aqProf.dll' (GetLastError=126)
LogWindows: File 'aqProf.dll' does not exist
LogWindows: Failed to load 'VSPerf140.dll' (GetLastError=126)
LogWindows: File 'VSPerf140.dll' does not exist
LogWindows: Failed to load 'VtuneApi.dll' (GetLastError=126)
LogWindows: File 'VtuneApi.dll' does not exist
LogWindows: Failed to load 'VtuneApi32e.dll' (GetLastError=126)
LogWindows: File 'VtuneApi32e.dll' does not exist
LogInit: Display: Running engine for game: CardinalMenu
LogPlatformFile: Not using cached read wrapper
LogInit: Display: RandInit(1953172561) SRandInit(1953172561).
LogInit: Read version file with build ID '3709383'
LogInit: Overriding engine version to CL 3832480, compatible CL 3709383
LogInit: Registered custom module enumerator with build ID '3709383'
LogInit: Warning: Passing commandline switches using / instead of - has been deprecated and will be removed in future versions of Unreal Engine.
LogTaskGraph: Started task graph with 5 named threads and 14 total threads with 3 sets of task threads.
LogStats: Stats thread started at 0.154164
LogD3D11RHI: Aftermath initialized
LogInit: Warning: Passing commandline switches using / instead of - has been deprecated and will be removed in future versions of Unreal Engine.
LogPluginManager: Mounting plugin Paper2D
LogPluginManager: Mounting plugin LightPropagationVolume
LogPluginManager: Mounting plugin CodeLiteSourceCodeAccess
LogPluginManager: Mounting plugin GitSourceControl
LogPluginManager: Mounting plugin KDevelopSourceCodeAccess
LogPluginManager: Mounting plugin NullSourceCodeAccess
LogPluginManager: Mounting plugin PerforceSourceControl
LogPluginManager: Mounting plugin SubversionSourceControl
LogPluginManager: Mounting plugin UObjectPlugin
LogPluginManager: Mounting plugin VisualStudioCodeSourceCodeAccess
LogPluginManager: Mounting plugin VisualStudioSourceCodeAccess
LogPluginManager: Mounting plugin XCodeSourceCodeAccess
LogPluginManager: Mounting plugin AssetManagerEditor
LogPluginManager: Mounting plugin AudioCapture
LogPluginManager: Mounting plugin FacialAnimation
LogPluginManager: Mounting plugin GameplayTagsEditor
LogPluginManager: Mounting plugin MobileLauncherProfileWizard
LogPluginManager: Mounting plugin PluginBrowser
LogPluginManager: Mounting plugin SpeedTreeImporter
LogPluginManager: Mounting plugin AlembicImporter
LogPluginManager: Mounting plugin CharacterAI
LogPluginManager: Mounting plugin HTML5Networking
LogPluginManager: Mounting plugin AndroidMedia
LogPluginManager: Mounting plugin AvfMedia
LogPluginManager: Mounting plugin ImgMedia
LogPluginManager: Mounting plugin MediaCompositing
LogPluginManager: Mounting plugin MediaPlayerEditor
LogPluginManager: Mounting plugin WmfMedia
LogPluginManager: Mounting plugin TcpMessaging
LogPluginManager: Mounting plugin UdpMessaging
LogPluginManager: Mounting plugin ActorSequence
LogPluginManager: Mounting plugin LevelSequenceEditor
LogPluginManager: Mounting plugin MatineeToLevelSequence
LogPluginManager: Mounting plugin OnlineSubsystemGooglePlay
LogPluginManager: Mounting plugin OnlineSubsystemIOS
LogPluginManager: Mounting plugin OnlineSubsystem
LogPluginManager: Mounting plugin OnlineSubsystemNull
LogPluginManager: Mounting plugin OnlineSubsystemSteam
LogPluginManager: Mounting plugin OnlineSubsystemUtils
LogPluginManager: Mounting plugin AndroidDeviceProfileSelector
LogPluginManager: Mounting plugin AndroidMoviePlayer
LogPluginManager: Mounting plugin AndroidPermission
LogPluginManager: Mounting plugin ApexDestruction
LogPluginManager: Mounting plugin AppleARKit
LogPluginManager: Mounting plugin AppleMoviePlayer
LogPluginManager: Mounting plugin ArchVisCharacter
LogPluginManager: Mounting plugin CableComponent
LogPluginManager: Mounting plugin CustomMeshComponent
LogPluginManager: Mounting plugin ExampleDeviceProfileSelector
LogPluginManager: Mounting plugin GoogleCloudMessaging
LogPluginManager: Mounting plugin ImmediatePhysics
LogPluginManager: Mounting plugin IOSDeviceProfileSelector
LogPluginManager: Mounting plugin LinuxDeviceProfileSelector
LogPluginManager: Mounting plugin LocationServicesBPLibrary
LogPluginManager: Mounting plugin MobilePatchingUtils
LogPluginManager: Mounting plugin OculusVR
LogPluginManager: Plugin shader directory ../../../Engine/Plugins/Runtime/Oculus/OculusVR/Shaders found
LogPluginManager: Mapping shader source directory ../../../Engine/Plugins/Runtime/Oculus/OculusVR/Shaders to virtual directory /Plugin/OculusVR
LogPluginManager: Mounting plugin PhysXVehicles
LogPluginManager: Mounting plugin ProceduralMeshComponent
LogPluginManager: Mounting plugin RuntimePhysXCooking
LogPluginManager: Mounting plugin SteamController
LogPluginManager: Mounting plugin SteamVR
LogPluginManager: Mounting plugin WebBrowserWidget
LogPluginManager: Mounting plugin WindowsMoviePlayer
LogPluginManager: Mounting plugin AdvancedSessions
LogPluginManager: Mounting plugin AdvancedSteamSessions
LogPluginManager: Mounting plugin GamepadUMGPlugin
LogPluginManager: Mounting plugin LoadingScreen
LogPluginManager: Mounting plugin VictoryBPLibrary
LogModuleManager: Display: Found up-to-date module file ../../../../../../Users/peter/Documents/Unreal Projects/MultiplayerTest/CardinalMenu_Project_v171227_418/Binaries/Win64/UE4Editor-CardinalMenu.dll (API version 3709383).
LogModuleManager: Display: Found up-to-date module file ../../../Engine/Plugins/2D/Paper2D/Binaries/Win64/UE4Editor-Paper2D.dll (API version 3709383).
LogModuleManager: Display: Found up-to-date module file ../../../Engine/Plugins/2D/Paper2D/Binaries/Win64/UE4Editor-Paper2DEditor.dll (API version 3709383).
LogModuleManager: Display: Found up-to-date module file ../../../Engine/Plugins/2D/Paper2D/Binaries/Win64/UE4Editor-PaperSpriteSheetImporter.dll (API version 3709383).
LogModuleManager: Display: Found up-to-date module file ../../../Engine/Plugins/2D/Paper2D/Binaries/Win64/UE4Editor-PaperTiledImporter.dll (API version 3709383).
LogModuleManager: Display: Found up-to-date module file ../../../Engine/Plugins/2D/Paper2D/Binaries/Win64/UE4Editor-SmartSnapping.dll (API version 3709383).
LogModuleManager: Display: Found up-to-date module file ../../../Engine/Plugins/Blendables/LightPropagationVolume/Binaries/Win64/UE4Editor-LightPropagationVolumeRuntime.dll (API version 3709383).
LogModuleManager: Display: Found up-to-date module file ../../../Engine/Plugins/Blendables/LightPropagationVolume/Binaries/Win64/UE4Editor-LightPropagationVolumeEditor.dll (API version 3709383).
LogModuleManager: Display: Found up-to-date module file ../../../Engine/Plugins/Developer/GitSourceControl/Binaries/Win64/UE4Editor-GitSourceControl.dll (API version 3709383).
LogModuleManager: Display: Found up-to-date module file ../../../Engine/Plugins/Developer/PerforceSourceControl/Binaries/Win64/UE4Editor-PerforceSourceControl.dll (API version 3709383).
LogModuleManager: Display: Found up-to-date module file ../../../Engine/Plugins/Developer/SubversionSourceControl/Binaries/Win64/UE4Editor-SubversionSourceControl.dll (API version 3709383).
LogModuleManager: Display: Found up-to-date module file ../../../Engine/Plugins/Developer/UObjectPlugin/Binaries/Win64/UE4Editor-UObjectPlugin.dll (API version 3709383).
LogModuleManager: Display: Found up-to-date module file ../../../Engine/Plugins/Developer/VisualStudioCodeSourceCodeAccess/Binaries/Win64/UE4Editor-VisualStudioCodeSourceCodeAccess.dll (API version 3709383).
LogModuleManager: Display: Found up-to-date module file ../../../Engine/Plugins/Developer/VisualStudioSourceCodeAccess/Binaries/Win64/UE4Editor-VisualStudioSourceCodeAccess.dll (API version 3709383).
LogModuleManager: Display: Found up-to-date module file ../../../Engine/Plugins/Editor/AssetManagerEditor/Binaries/Win64/UE4Editor-AssetManagerEditor.dll (API version 3709383).
LogModuleManager: Display: Found up-to-date module file ../../../Engine/Plugins/Editor/AudioCapture/Binaries/Win64/UE4Editor-AudioCapture.dll (API version 3709383).
LogModuleManager: Display: Found up-to-date module file ../../../Engine/Plugins/Editor/FacialAnimation/Binaries/Win64/UE4Editor-FacialAnimation.dll (API version 3709383).
LogModuleManager: Display: Found up-to-date module file ../../../Engine/Plugins/Editor/FacialAnimation/Binaries/Win64/UE4Editor-FacialAnimationEditor.dll (API version 3709383).
LogModuleManager: Display: Found up-to-date module file ../../../Engine/Plugins/Editor/GameplayTagsEditor/Binaries/Win64/UE4Editor-GameplayTagsEditor.dll (API version 3709383).
LogModuleManager: Display: Found up-to-date module file ../../../Engine/Plugins/Editor/MobileLauncherProfileWizard/Binaries/Win64/UE4Editor-MobileLauncherProfileWizard.dll (API version 3709383).
LogModuleManager: Display: Found up-to-date module file ../../../Engine/Plugins/Editor/PluginBrowser/Binaries/Win64/UE4Editor-PluginBrowser.dll (API version 3709383).
LogModuleManager: Display: Found up-to-date module file ../../../Engine/Plugins/Editor/SpeedTreeImporter/Binaries/Win64/UE4Editor-SpeedTreeImporter.dll (API version 3709383).
LogModuleManager: Display: Found up-to-date module file ../../../Engine/Plugins/Experimental/AlembicImporter/Binaries/Win64/UE4Editor-AlembicImporter.dll (API version 3709383).
LogModuleManager: Display: Found up-to-date module file ../../../Engine/Plugins/Experimental/AlembicImporter/Binaries/Win64/UE4Editor-AlembicLibrary.dll (API version 3709383).
LogModuleManager: Display: Found up-to-date module file ../../../Engine/Plugins/Experimental/CharacterAI/Binaries/Win64/UE4Editor-CharacterAI.dll (API version 3709383).
LogModuleManager: Display: Found up-to-date module file ../../../Engine/Plugins/Experimental/HTML5Networking/Binaries/Win64/UE4Editor-HTML5Networking.dll (API version 3709383).
LogModuleManager: Display: Found up-to-date module file ../../../Engine/Plugins/Media/AndroidMedia/Binaries/Win64/UE4Editor-AndroidMediaEditor.dll (API version 3709383).
LogModuleManager: Display: Found up-to-date module file ../../../Engine/Plugins/Media/AndroidMedia/Binaries/Win64/UE4Editor-AndroidMediaFactory.dll (API version 3709383).
LogModuleManager: Display: Found up-to-date module file ../../../Engine/Plugins/Media/AvfMedia/Binaries/Win64/UE4Editor-AvfMediaEditor.dll (API version 3709383).
LogModuleManager: Display: Found up-to-date module file ../../../Engine/Plugins/Media/AvfMedia/Binaries/Win64/UE4Editor-AvfMediaFactory.dll (API version 3709383).
LogModuleManager: Display: Found up-to-date module file ../../../Engine/Plugins/Media/AvfMedia/Binaries/Win64/UE4Editor-AvfMediaFactory.dll (API version 3709383).
LogModuleManager: Display: Found up-to-date module file ../../../Engine/Plugins/Media/ImgMedia/Binaries/Win64/UE4Editor-ImgMedia.dll (API version 3709383).
LogModuleManager: Display: Found up-to-date module file ../../../Engine/Plugins/Media/ImgMedia/Binaries/Win64/UE4Editor-ImgMediaEditor.dll (API version 3709383).
LogModuleManager: Display: Found up-to-date module file ../../../Engine/Plugins/Media/ImgMedia/Binaries/Win64/UE4Editor-ImgMediaFactory.dll (API version 3709383).
LogModuleManager: Display: Found up-to-date module file ../../../Engine/Plugins/Media/ImgMedia/Binaries/Win64/UE4Editor-ImgMediaFactory.dll (API version 3709383).
LogModuleManager: Display: Found up-to-date module file ../../../Engine/Plugins/Media/ImgMedia/Binaries/Win64/UE4Editor-OpenExrWrapper.dll (API version 3709383).
LogModuleManager: Display: Found up-to-date module file ../../../Engine/Plugins/Media/MediaCompositing/Binaries/Win64/UE4Editor-MediaCompositing.dll (API version 3709383).
LogModuleManager: Display: Found up-to-date module file ../../../Engine/Plugins/Media/MediaCompositing/Binaries/Win64/UE4Editor-MediaCompositingEditor.dll (API version 3709383).
LogModuleManager: Display: Found up-to-date module file ../../../Engine/Plugins/Media/MediaPlayerEditor/Binaries/Win64/UE4Editor-MediaPlayerEditor.dll (API version 3709383).
LogModuleManager: Display: Found up-to-date module file ../../../Engine/Plugins/Media/WmfMedia/Binaries/Win64/UE4Editor-WmfMedia.dll (API version 3709383).
LogModuleManager: Display: Found up-to-date module file ../../../Engine/Plugins/Media/WmfMedia/Binaries/Win64/UE4Editor-WmfMediaEditor.dll (API version 3709383).
LogModuleManager: Display: Found up-to-date module file ../../../Engine/Plugins/Media/WmfMedia/Binaries/Win64/UE4Editor-WmfMediaFactory.dll (API version 3709383).
LogModuleManager: Display: Found up-to-date module file ../../../Engine/Plugins/Media/WmfMedia/Binaries/Win64/UE4Editor-WmfMediaFactory.dll (API version 3709383).
LogModuleManager: Display: Found up-to-date module file ../../../Engine/Plugins/Messaging/TcpMessaging/Binaries/Win64/UE4Editor-TcpMessaging.dll (API version 3709383).
LogModuleManager: Display: Found up-to-date module file ../../../Engine/Plugins/Messaging/UdpMessaging/Binaries/Win64/UE4Editor-UdpMessaging.dll (API version 3709383).
LogModuleManager: Display: Found up-to-date module file ../../../Engine/Plugins/MovieScene/ActorSequence/Binaries/Win64/UE4Editor-ActorSequence.dll (API version 3709383).
LogModuleManager: Display: Found up-to-date module file ../../../Engine/Plugins/MovieScene/LevelSequenceEditor/Binaries/Win64/UE4Editor-LevelSequenceEditor.dll (API version 3709383).
LogModuleManager: Display: Found up-to-date module file ../../../Engine/Plugins/MovieScene/MatineeToLevelSequence/Binaries/Win64/UE4Editor-MatineeToLevelSequence.dll (API version 3709383).
LogModuleManager: Display: Found up-to-date module file ../../../Engine/Plugins/Online/OnlineSubsystem/Binaries/Win64/UE4Editor-OnlineSubsystem.dll (API version 3709383).
LogModuleManager: Display: Found up-to-date module file ../../../Engine/Plugins/Online/OnlineSubsystemNull/Binaries/Win64/UE4Editor-OnlineSubsystemNull.dll (API version 3709383).
LogModuleManager: Display: Found up-to-date module file ../../../Engine/Plugins/Online/OnlineSubsystemSteam/Binaries/Win64/UE4Editor-OnlineSubsystemSteam.dll (API version 3709383).
LogModuleManager: Display: Found up-to-date module file ../../../Engine/Plugins/Online/OnlineSubsystemUtils/Binaries/Win64/UE4Editor-OnlineSubsystemUtils.dll (API version 3709383).
LogModuleManager: Display: Found up-to-date module file ../../../Engine/Plugins/Online/OnlineSubsystemUtils/Binaries/Win64/UE4Editor-OnlineBlueprintSupport.dll (API version 3709383).
LogModuleManager: Display: Found up-to-date module file ../../../Engine/Plugins/Runtime/AndroidDeviceProfileSelector/Binaries/Win64/UE4Editor-AndroidDeviceProfileSelector.dll (API version 3709383).
LogModuleManager: Display: Found up-to-date module file ../../../Engine/Plugins/Runtime/AndroidPermission/Binaries/Win64/UE4Editor-AndroidPermission.dll (API version 3709383).
LogModuleManager: Display: Found up-to-date module file ../../../Engine/Plugins/Runtime/ApexDestruction/Binaries/Win64/UE4Editor-ApexDestruction.dll (API version 3709383).
LogModuleManager: Display: Found up-to-date module file ../../../Engine/Plugins/Runtime/ApexDestruction/Binaries/Win64/UE4Editor-ApexDestructionEditor.dll (API version 3709383).
LogModuleManager: Display: Found up-to-date module file ../../../Engine/Plugins/Runtime/AppleARKit/Binaries/Win64/UE4Editor-AppleARKit.dll (API version 3709383).
LogModuleManager: Display: Found up-to-date module file ../../../Engine/Plugins/Runtime/ArchVisCharacter/Binaries/Win64/UE4Editor-ArchVisCharacter.dll (API version 3709383).
LogModuleManager: Display: Found up-to-date module file ../../../Engine/Plugins/Runtime/CableComponent/Binaries/Win64/UE4Editor-CableComponent.dll (API version 3709383).
LogModuleManager: Display: Found up-to-date module file ../../../Engine/Plugins/Runtime/CustomMeshComponent/Binaries/Win64/UE4Editor-CustomMeshComponent.dll (API version 3709383).
LogModuleManager: Display: Found up-to-date module file ../../../Engine/Plugins/Runtime/ExampleDeviceProfileSelector/Binaries/Win64/UE4Editor-ExampleDeviceProfileSelector.dll (API version 3709383).
LogModuleManager: Display: Found up-to-date module file ../../../Engine/Plugins/Runtime/ImmediatePhysics/Binaries/Win64/UE4Editor-ImmediatePhysics.dll (API version 3709383).
LogModuleManager: Display: Found up-to-date module file ../../../Engine/Plugins/Runtime/ImmediatePhysics/Binaries/Win64/UE4Editor-ImmediatePhysicsEditor.dll (API version 3709383).
LogModuleManager: Display: Found up-to-date module file ../../../Engine/Plugins/Runtime/LocationServicesBPLibrary/Binaries/Win64/UE4Editor-LocationServicesBPLibrary.dll (API version 3709383).
LogModuleManager: Display: Found up-to-date module file ../../../Engine/Plugins/Runtime/MobilePatchingUtils/Binaries/Win64/UE4Editor-MobilePatchingUtils.dll (API version 3709383).
LogModuleManager: Display: Found up-to-date module file ../../../Engine/Plugins/Runtime/Oculus/OculusVR/Binaries/Win64/UE4Editor-OculusHMD.dll (API version 3709383).
LogModuleManager: Display: Found up-to-date module file ../../../Engine/Plugins/Runtime/Oculus/OculusVR/Binaries/Win64/UE4Editor-OculusInput.dll (API version 3709383).
LogModuleManager: Display: Found up-to-date module file ../../../Engine/Plugins/Runtime/Oculus/OculusVR/Binaries/Win64/UE4Editor-OculusEditor.dll (API version 3709383).
LogModuleManager: Display: Found up-to-date module file ../../../Engine/Plugins/Runtime/PhysXVehicles/Binaries/Win64/UE4Editor-PhysXVehicles.dll (API version 3709383).
LogModuleManager: Display: Found up-to-date module file ../../../Engine/Plugins/Runtime/PhysXVehicles/Binaries/Win64/UE4Editor-PhysXVehiclesEditor.dll (API version 3709383).
LogModuleManager: Display: Found up-to-date module file ../../../Engine/Plugins/Runtime/ProceduralMeshComponent/Binaries/Win64/UE4Editor-ProceduralMeshComponent.dll (API version 3709383).
LogModuleManager: Display: Found up-to-date module file ../../../Engine/Plugins/Runtime/ProceduralMeshComponent/Binaries/Win64/UE4Editor-ProceduralMeshComponentEditor.dll (API version 3709383).
LogModuleManager: Display: Found up-to-date module file ../../../Engine/Plugins/Runtime/RuntimePhysXCooking/Binaries/Win64/UE4Editor-RuntimePhysXCooking.dll (API version 3709383).
LogModuleManager: Display: Found up-to-date module file ../../../Engine/Plugins/Runtime/Steam/SteamController/Binaries/Win64/UE4Editor-SteamController.dll (API version 3709383).
LogModuleManager: Display: Found up-to-date module file ../../../Engine/Plugins/Runtime/Steam/SteamVR/Binaries/Win64/UE4Editor-SteamVR.dll (API version 3709383).
LogModuleManager: Display: Found up-to-date module file ../../../Engine/Plugins/Runtime/Steam/SteamVR/Binaries/Win64/UE4Editor-SteamVRController.dll (API version 3709383).
LogModuleManager: Display: Found up-to-date module file ../../../Engine/Plugins/Runtime/WebBrowserWidget/Binaries/Win64/UE4Editor-WebBrowserWidget.dll (API version 3709383).
LogModuleManager: Display: Found up-to-date module file ../../../Engine/Plugins/Runtime/WindowsMoviePlayer/Binaries/Win64/UE4Editor-WindowsMoviePlayer.dll (API version 3709383).
LogModuleManager: Display: Found up-to-date module file ../../../../../../Users/peter/Documents/Unreal Projects/MultiplayerTest/CardinalMenu_Project_v171227_418/Plugins/AdvancedSessions/Binaries/Win64/UE4Editor-AdvancedSessions.dll (API version 3709383).
LogModuleManager: Display: Found up-to-date module file ../../../../../../Users/peter/Documents/Unreal Projects/MultiplayerTest/CardinalMenu_Project_v171227_418/Plugins/AdvancedSteamSessions/Binaries/Win64/UE4Editor-AdvancedSteamSessions.dll (API version 3709383).
LogModuleManager: Display: Found up-to-date module file ../../../../../../Users/peter/Documents/Unreal Projects/MultiplayerTest/CardinalMenu_Project_v171227_418/Plugins/GamepadUMGPlugin/Plugins/GamepadUMGPlugin/Binaries/Win64/UE4Editor-GamepadUMGPlugin.dll (API version 3709383).
LogModuleManager: Display: Found up-to-date module file ../../../../../../Users/peter/Documents/Unreal Projects/MultiplayerTest/CardinalMenu_Project_v171227_418/Plugins/LoadingScreen/Binaries/Win64/UE4Editor-LoadingScreen.dll (API version 3709383).
LogModuleManager: Display: Found up-to-date module file ../../../../../../Users/peter/Documents/Unreal Projects/MultiplayerTest/CardinalMenu_Project_v171227_418/Plugins/VictoryPlugin/Binaries/Win64/UE4Editor-VictoryBPLibrary.dll (API version 3709383).
LogInit: Using libcurl 7.47.1
LogInit:  - built for x86_64-pc-win32
LogInit:  - supports SSL with OpenSSL/1.0.2g
LogInit:  - supports HTTP deflate (compression) using libz 1.2.8
LogInit:  - other features:
LogInit:      CURL_VERSION_SSL
LogInit:      CURL_VERSION_LIBZ
LogInit:      CURL_VERSION_IPV6
LogInit:      CURL_VERSION_ASYNCHDNS
LogInit:      CURL_VERSION_LARGEFILE
LogInit:      CURL_VERSION_IDN
LogInit:  CurlRequestOptions (configurable via config and command line):
LogInit:  - bVerifyPeer = false  - Libcurl will NOT verify peer certificate
LogInit:  - bUseHttpProxy = false  - Libcurl will NOT use HTTP proxy
LogInit:  - bDontReuseConnections = false  - Libcurl will reuse connections
LogInit:  - CertBundlePath = nullptr  - Libcurl will use whatever was configured at build time.
LogOnline: Display: STEAM: Loading Steam SDK 1.39
LogInit: WinSock: version 1.1 (2.2), MaxSocks=32767, MaxUdp=65467
LogInit: Build: ++UE4+Release-4.18-CL-3832480
LogInit: Engine Version: 4.18.3-3832480+++UE4+Release-4.18
LogInit: Compatible Engine Version: 4.18.0-3709383+++UE4+Release-4.18
LogInit: Net CL: 3709383
LogDevObjectVersion: Number of dev versions registered: 16
LogDevObjectVersion:   Dev-Blueprints (B0D832E4-1F89-4F0D-ACCF-7EB736FD4AA2): 10
LogDevObjectVersion:   Dev-Build (E1C64328-A22C-4D53-A36C-8E866417BD8C): 0
LogDevObjectVersion:   Dev-Core (375EC13C-06E4-48FB-B500-84F0262A717E): 2
LogDevObjectVersion:   Dev-Editor (E4B068ED-F494-42E9-A231-DA0B2E46BB41): 20
LogDevObjectVersion:   Dev-Framework (CFFC743F-43B0-4480-9391-14DF171D2073): 30
LogDevObjectVersion:   Dev-Mobile (B02B49B5-BB20-44E9-A304-32B752E40360): 0
LogDevObjectVersion:   Dev-Networking (A4E4105C-59A1-49B5-A7C5-40C4547EDFEE): 0
LogDevObjectVersion:   Dev-Online (39C831C9-5AE6-47DC-9A44-9C173E1C8E7C): 0
LogDevObjectVersion:   Dev-Physics (78F01B33-EBEA-4F98-B9B4-84EACCB95AA2): 0
LogDevObjectVersion:   Dev-Platform (6631380F-2D4D-43E0-8009-CF276956A95A): 0
LogDevObjectVersion:   Dev-Rendering (12F88B9F-8875-4AFC-A67C-D90C383ABD29): 20
LogDevObjectVersion:   Dev-Sequencer (7B5AE74C-D270-4C10-A958-57980B212A5A): 4
LogDevObjectVersion:   Dev-VR (D7296918-1DD6-4BDD-9DE2-64A83CC13884): 0
LogDevObjectVersion:   Dev-LoadTimes (C2A15278-BFE7-4AFE-6C17-90FF531DF755): 1
LogDevObjectVersion:   Private-Geometry (6EACA3D4-40EC-4CC1-B786-8BED09428FC5): 1
LogDevObjectVersion:   Dev-AnimPhys (29E575DD-E0A3-4627-9D10-D276232CDCEA): 12
LogInit: Compiled (64-bit): Jan 12 2018 02:04:55
LogInit: Compiled with Visual C++: 19.00.24215.01
LogInit: Build Configuration: Development
LogInit: Branch Name: ++UE4+Release-4.18
LogInit: Command line:  /Game/Cardinal/MainMenu/Maps/MainMenu -game -PIEVIACONSOLE -ResX=1280 -ResY=720  -Multiprocess -messaging -SessionName="Play in Standalone Game" -windowed 
LogInit: Base directory: C:/Program Files/Epic Games/UE_4.18/Engine/Binaries/Win64/
LogInit: Installed Engine Build: 1
LogInit: Presizing for max 8388607 objects, including 0 objects not considered by GC, pre-allocating 0 bytes for permanent pool.
LogInit: Object subsystem initialized
[2018.03.22-00.49.50:690][  0]LogInit: Selected Device Profile: [Windows]
[2018.03.22-00.49.50:690][  0]LogInit: Applying CVar settings loaded from the selected device profile: [Windows]
[2018.03.22-00.49.50:693][  0]LogInit: Computer: DESKTOP-NICM783
[2018.03.22-00.49.50:693][  0]LogInit: User: peter
[2018.03.22-00.49.50:693][  0]LogInit: CPU Page size=4096, Cores=4
[2018.03.22-00.49.50:693][  0]LogInit: High frequency timer resolution =3.703129 MHz
[2018.03.22-00.49.50:693][  0]LogMemory: Memory total: Physical=16.0GB (16GB approx)
[2018.03.22-00.49.50:693][  0]LogMemory: Platform Memory Stats for Windows
[2018.03.22-00.49.50:693][  0]LogMemory: Process Physical Memory: 300.38 MB used, 300.38 MB peak
[2018.03.22-00.49.50:693][  0]LogMemory: Process Virtual Memory: 272.20 MB used, 272.20 MB peak
[2018.03.22-00.49.50:693][  0]LogMemory: Physical Memory: 8637.91 MB used,  7706.94 MB free, 16344.86 MB total
[2018.03.22-00.49.50:693][  0]LogMemory: Virtual Memory: 790.23 MB used,  7706.94 MB free, 134217728.00 MB total
[2018.03.22-00.49.50:828][  0]LogInit: Using OS detected language (en-US).
[2018.03.22-00.49.50:828][  0]LogInit: Using OS detected locale (en-US).
[2018.03.22-00.49.50:830][  0]LogTextLocalizationManager: No specific localization for 'en-US' exists, so the 'en' localization will be used.
[2018.03.22-00.49.51:185][  0]LogD3D11RHI: D3D11 adapters:
[2018.03.22-00.49.51:226][  0]LogD3D11RHI:    0. 'NVIDIA GeForce GTX 1070' (Feature Level 11_0)
[2018.03.22-00.49.51:226][  0]LogD3D11RHI:       8096/0/8172 MB DedicatedVideo/DedicatedSystem/SharedSystem, Outputs:1, VendorId:0x10de
[2018.03.22-00.49.51:229][  0]LogD3D11RHI:    1. 'Microsoft Basic Render Driver' (Feature Level 11_0)
[2018.03.22-00.49.51:229][  0]LogD3D11RHI:       0/0/8172 MB DedicatedVideo/DedicatedSystem/SharedSystem, Outputs:0, VendorId:0x1414
[2018.03.22-00.49.51:229][  0]LogD3D11RHI: Chosen D3D11 Adapter: 0
[2018.03.22-00.49.51:234][  0]LogD3D11RHI: Creating new Direct3DDevice
[2018.03.22-00.49.51:235][  0]LogD3D11RHI:     GPU DeviceId: 0x1b81 (for the marketing name, search the web for "GPU Device Id")
[2018.03.22-00.49.51:235][  0]LogWindows: EnumDisplayDevices:
[2018.03.22-00.49.51:235][  0]LogWindows:    0. 'NVIDIA GeForce GTX 1070' (P:1 D:1)
[2018.03.22-00.49.51:235][  0]LogWindows:    1. 'NVIDIA GeForce GTX 1070' (P:0 D:0)
[2018.03.22-00.49.51:235][  0]LogWindows:    2. 'NVIDIA GeForce GTX 1070' (P:0 D:0)
[2018.03.22-00.49.51:235][  0]LogWindows:    3. 'NVIDIA GeForce GTX 1070' (P:0 D:0)
[2018.03.22-00.49.51:235][  0]LogWindows: DebugString: GetVideoDriverDetailsInvalid PrimaryIsNotTheChoosenAdapter GetVideoDriverDetailsInvalid PrimaryIsNotTheChoosenAdapter GetVideoDriverDetailsInvalid PrimaryIsNotTheChoosenAdapter GetVideoDriverDetailsInvalid PrimaryIsNotTheChoosenAdapter FoundDriverCount:0 
[2018.03.22-00.49.51:235][  0]LogD3D11RHI:     Adapter Name: NVIDIA GeForce GTX 1070
[2018.03.22-00.49.51:235][  0]LogD3D11RHI:   Driver Version: Unknown (internal:Unknown, unified:Unknown)
[2018.03.22-00.49.51:235][  0]LogD3D11RHI:      Driver Date: Unknown
[2018.03.22-00.49.51:235][  0]LogRHI: Texture pool is 5667 MB (70% of 8096 MB)
[2018.03.22-00.49.51:259][  0]LogD3D11RHI: Async texture creation enabled
[2018.03.22-00.49.51:289][  0]LogD3D11RHI: GPU Timing Frequency: 1000.000000 (Debug: 2 1)
[2018.03.22-00.49.51:337][  0]LogShaderCompilers: Guid format shader working directory is -58 characters bigger than the processId version (../../../../../../Users/peter/Documents/Unreal Projects/MultiplayerTest/CardinalMenu_Project_v171227_418/Intermediate/Shaders/WorkingDirectory/1140/).
[2018.03.22-00.49.51:337][  0]LogShaderCompilers: Cleaned the shader compiler working directory 'C:/Users/peter/AppData/Local/Temp/UnrealShaderWorkingDir/ECBEBB034EC17B16CD15EE83D953755B/'.
[2018.03.22-00.49.51:337][  0]LogShaderCompilers: Display: Using Local Shader Compiler.
[2018.03.22-00.49.52:022][  0]LogTemp: Display: Loaded TP WindowsClientTargetPlatform
[2018.03.22-00.49.52:062][  0]LogTemp: Display: Loaded TP WindowsNoEditorTargetPlatform
[2018.03.22-00.49.52:103][  0]LogTemp: Display: Loaded TP WindowsServerTargetPlatform
[2018.03.22-00.49.52:144][  0]LogTemp: Display: Loaded TP WindowsTargetPlatform
[2018.03.22-00.49.52:144][  0]LogTargetPlatformManager: Display: Building Assets For Windows
[2018.03.22-00.49.52:516][  0]LogDerivedDataCache: Display: Max Cache Size: 512 MB
[2018.03.22-00.49.52:560][  0]LogDerivedDataCache: Loaded boot cache 0.04s 69MB C:/Users/peter/AppData/Local/UnrealEngine/4.18/DerivedDataCache/Boot.ddc.
[2018.03.22-00.49.52:560][  0]LogDerivedDataCache: Display: Loaded Boot cache: C:/Users/peter/AppData/Local/UnrealEngine/4.18/DerivedDataCache/Boot.ddc
[2018.03.22-00.49.52:560][  0]LogDerivedDataCache: FDerivedDataBackendGraph:  Pak pak cache file ../../../../../../Users/peter/Documents/Unreal Projects/MultiplayerTest/CardinalMenu_Project_v171227_418/DerivedDataCache/DDC.ddp not found, will not use a pak cache.
[2018.03.22-00.49.52:560][  0]LogDerivedDataCache: Unable to find inner node Pak for hierarchical cache Hierarchy.
[2018.03.22-00.49.52:560][  0]LogDerivedDataCache: FDerivedDataBackendGraph:  CompressedPak pak cache file ../../../../../../Users/peter/Documents/Unreal Projects/MultiplayerTest/CardinalMenu_Project_v171227_418/DerivedDataCache/Compressed.ddp not found, will not use a pak cache.
[2018.03.22-00.49.52:560][  0]LogDerivedDataCache: Unable to find inner node CompressedPak for hierarchical cache Hierarchy.
[2018.03.22-00.49.52:572][  0]LogDerivedDataCache: Display: Pak cache opened for reading ../../../Engine/DerivedDataCache/Compressed.ddp.
[2018.03.22-00.49.52:583][  0]LogDerivedDataCache: Using Local data cache path C:/Users/peter/AppData/Local/UnrealEngine/Common/DerivedDataCache: Writable
[2018.03.22-00.49.52:590][  0]LogMaterial: Verifying Global Shaders for PCD3D_SM5
[2018.03.22-00.49.52:591][  0]LogSlate: Using Freetype 2.6.0
[2018.03.22-00.49.52:591][  0]LogSlate: SlateFontCache - WITH_FREETYPE: 1, WITH_HARFBUZZ: 1
[2018.03.22-00.49.52:591][  0]LogSlate: SlateFontCache - WITH_FREETYPE: 1, WITH_HARFBUZZ: 1
[2018.03.22-00.49.52:868][  0]LogAssetRegistry: FAssetRegistry took 0.0032 seconds to start up
[2018.03.22-00.49.52:879][  0]LogPackageLocalizationCache: Processed 8 localized package path(s) for 2 prioritized culture(s) in 0.010917 seconds
[2018.03.22-00.49.52:949][  0]LogInit: Selected Device Profile: [Windows]
[2018.03.22-00.49.53:198][  0]LogSimplygon: Simplygon DLL not present - disabling.
[2018.03.22-00.49.53:231][  0]LogMeshReduction: Using SimplygonSwarm for distributed automatic mesh merging
[2018.03.22-00.49.53:231][  0]LogMeshReduction: Using QuadricMeshReduction for automatic static mesh reduction
[2018.03.22-00.49.53:231][  0]LogMeshReduction: No automatic skeletal mesh reduction module available
[2018.03.22-00.49.53:231][  0]LogMeshReduction: No automatic mesh merging module available
[2018.03.22-00.49.53:231][  0]LogMeshMerging: No automatic mesh merging module available
[2018.03.22-00.49.53:251][  0]LogNetVersion: CardinalMenu , NetCL: 3709383, EngineNetVer: 2, GameNetVer: 0 (Checksum: 1508075921)
[2018.03.22-00.49.53:413][  0]LogInit: Warning: Passing commandline switches using / instead of - has been deprecated and will be removed in future versions of Unreal Engine.
[2018.03.22-00.49.53:413][  0]LogInit: Warning: Passing commandline switches using / instead of - has been deprecated and will be removed in future versions of Unreal Engine.
[2018.03.22-00.49.53:413][  0]LogInit: Warning: Passing commandline switches using / instead of - has been deprecated and will be removed in future versions of Unreal Engine.
[2018.03.22-00.49.54:720][  0]LogMoviePlayer: Initializing movie player
[2018.03.22-00.49.55:103][  0]LogCollectionManager: Loaded 0 collections in 0.001146 seconds
[2018.03.22-00.49.55:151][  0]LogFileCache: Scanning file cache for directory 'C:/Users/peter/Documents/Unreal Projects/MultiplayerTest/CardinalMenu_Project_v171227_418/Saved/Collections/' took 0.01s
[2018.03.22-00.49.55:151][  0]LogFileCache: Scanning file cache for directory 'C:/Users/peter/Documents/Unreal Projects/MultiplayerTest/CardinalMenu_Project_v171227_418/Content/Developers/peter/Collections/' took 0.01s
[2018.03.22-00.49.55:151][  0]LogFileCache: Scanning file cache for directory 'C:/Users/peter/Documents/Unreal Projects/MultiplayerTest/CardinalMenu_Project_v171227_418/Content/Collections/' took 0.01s
[2018.03.22-00.49.55:151][  0]LogCollectionManager: Rebuilt the object cache for 0 collections in 0.000000 seconds (found 0 objects)
[2018.03.22-00.49.55:151][  0]LogCollectionManager: Fixed up redirectors for 0 collections in 0.000062 seconds (updated 0 objects)
[2018.03.22-00.49.55:298][  0]LogTcpMessaging: Initializing TcpMessaging bridge
[2018.03.22-00.49.55:334][  0]LogUdpMessaging: Initializing bridge on interface 0.0.0.0:0 to multicast group 230.0.0.1:6666.
[2018.03.22-00.49.56:090][  0]LogInit: Warning: Passing commandline switches using / instead of - has been deprecated and will be removed in future versions of Unreal Engine.
[2018.03.22-00.49.56:090][  0]SourceControl: Source control is disabled
[2018.03.22-00.49.56:090][  0]SourceControl: Source control is disabled
[2018.03.22-00.49.56:135][  0]SourceControl: Source control is disabled
[2018.03.22-00.49.56:469][  0]LogAndroidPermission: UAndroidPermissionCallbackProxy::GetInstance
[2018.03.22-00.49.56:690][  0]LogOcInput: OculusInput pre-init called
[2018.03.22-00.49.56:830][  0]LogUObjectArray: 41237 objects as part of root set at end of initial load.
[2018.03.22-00.49.56:830][  0]LogUObjectAllocator: 8958848 out of 0 bytes used by permanent object pool.
[2018.03.22-00.49.56:830][  0]LogUObjectArray: CloseDisregardForGC: 0/0 objects in disregard for GC pool
[2018.03.22-00.49.56:916][  0]LogEngine: Initializing Engine...
[2018.03.22-00.49.56:918][  0]LogHMD: Failed to initialize OpenVR with code 110
[2018.03.22-00.49.57:060][  0]LogStats: UGameplayTagsManager::ConstructGameplayTagTree: Construct from data asset -  0.000 s
[2018.03.22-00.49.57:060][  0]LogStats: UGameplayTagsManager::ConstructGameplayTagTree: GameplayTagTreeChangedEvent.Broadcast -  0.000 s
[2018.03.22-00.49.57:074][  0]LogInit: XAudio2 using 'MG248-0 (NVIDIA High Definition Audio)' : 2 channels at 48 kHz using 16 bits per sample (channel mask 0x3)
[2018.03.22-00.49.57:080][  0]LogInit: FAudioDevice initialized.
[2018.03.22-00.49.57:099][  0]LogInit: Texture streaming: Enabled
[2018.03.22-00.49.57:118][  0]LogMaterial: Uniform references updated for custom material expression Custom.
[2018.03.22-00.49.59:123][  0]LogInit: Warning: Passing commandline switches using / instead of - has been deprecated and will be removed in future versions of Unreal Engine.
[2018.03.22-00.49.59:124][  0]AdvancedFriendsInterfaceLog: Warning: UAdvancedFriendsInstance Failed to get voice interface!
[2018.03.22-00.49.59:161][  0]LogInit: Display: Game Engine Initialized.
[2018.03.22-00.49.59:161][  0]LogGameplayTags: Display: UGameplayTagsManager::DoneAddingNativeTags. DelegateIsBound: 0
[2018.03.22-00.49.59:315][  0]LogInit: Display: Starting Game.
[2018.03.22-00.49.59:315][  0]LogNet: Browse: /Game/Cardinal/MainMenu/Maps/MainMenu?Name=Player
[2018.03.22-00.49.59:315][  0]LogLoad: LoadMap: /Game/Cardinal/MainMenu/Maps/MainMenu?Name=Player
[2018.03.22-00.49.59:550][  0]LogAIModule: Creating AISystem for world MainMenu
[2018.03.22-00.49.59:550][  0]LogLoad: Game class is 'BP_MenuGameMode_C'
[2018.03.22-00.49.59:552][  0]LogWorld: Bringing World /Game/Cardinal/MainMenu/Maps/MainMenu.MainMenu up for play (max tick rate 0) at 2018.03.21-17.49.59
[2018.03.22-00.49.59:552][  0]LogWorld: Bringing up level for play took: 0.001374
[2018.03.22-00.49.59:553][  0]LogGameMode: Display: Match State Changed from EnteringMap to WaitingToStart
[2018.03.22-00.49.59:553][  0]LogGameState: Match State Changed from EnteringMap to WaitingToStart
[2018.03.22-00.49.59:553][  0]LogGameMode: Display: Match State Changed from WaitingToStart to InProgress
[2018.03.22-00.49.59:554][  0]LogEngine: Onscreen warnings/messages are now DISABLED
[2018.03.22-00.49.59:574][  0]LogSlate: Took 0.000106 seconds to synchronously load lazily loaded font '../../../Engine/Content/Slate/Fonts/Roboto-Regular.ttf' (155K)
[2018.03.22-00.49.59:600][  0]LogStreaming: Warning: Failed to read file '../../../../../../Users/peter/Documents/Unreal Projects/MultiplayerTest/CardinalMenu_Project_v171227_418/Saved/SaveGames/GameSettings.sav' error.
[2018.03.22-00.49.59:609][  0]LogStreaming: Warning: Failed to read file '../../../../../../Users/peter/Documents/Unreal Projects/MultiplayerTest/CardinalMenu_Project_v171227_418/Saved/SaveGames/AudioSettings.sav' error.
[2018.03.22-00.49.59:694][  0]LogGameState: Match State Changed from WaitingToStart to InProgress
[2018.03.22-00.49.59:694][  0]LogLoad: Took 0.379292 seconds to LoadMap(/Game/Cardinal/MainMenu/Maps/MainMenu)
[2018.03.22-00.49.59:895][  0]LogWindowsTextInputMethodSystem: Display: IME system now deactivated.
[2018.03.22-00.50.08:483][  0]LogLoad: (Engine Initialization) Total time: 19.93 seconds
[2018.03.22-00.50.08:483][  0]LogLoad: (Engine Initialization) Total Blueprint compile time: 0.00 seconds
[2018.03.22-00.50.08:483][  0]LogExternalProfiler: No external profilers were discovered.  External profiling features will not be available.
[2018.03.22-00.50.08:500][  0]LogContentStreaming: Texture pool size now 1000 MB
[2018.03.22-00.50.08:576][  1]LogRenderer: Reallocating scene render targets to support 1280x720 Format 10 NumSamples 1 (Frame:1).
[2018.03.22-00.50.47:508][361]LogPackageName: SearchForPackageOnDisk took   0.043s to resolve ExampleMap.umap.
[2018.03.22-00.50.47:508][361]LogGameMode: Display: Match State Changed from InProgress to LeavingMap
[2018.03.22-00.50.47:508][361]LogGameState: Match State Changed from InProgress to LeavingMap
[2018.03.22-00.50.47:550][361]LogPackageName: SearchForPackageOnDisk took   0.041s to resolve ExampleMap.umap.
[2018.03.22-00.50.47:550][361]LogNet: Browse: /Game/Cardinal/MainMenu/Maps/ExampleMap
[2018.03.22-00.50.47:573][361]LogLoad: LoadMap: /Game/Cardinal/MainMenu/Maps/ExampleMap
[2018.03.22-00.50.47:686][361]LogAIModule: Creating AISystem for world ExampleMap
[2018.03.22-00.50.47:693][361]LogLoad: Game class is 'ThirdPersonGameMode_C'
[2018.03.22-00.50.47:695][361]LogWorld: Bringing World /Game/Cardinal/MainMenu/Maps/ExampleMap.ExampleMap up for play (max tick rate 0) at 2018.03.21-17.50.47
[2018.03.22-00.50.47:695][361]LogWorld: Bringing up level for play took: 0.001529
[2018.03.22-00.50.47:695][361]LogGameMode: Display: Match State Changed from EnteringMap to WaitingToStart
[2018.03.22-00.50.47:695][361]LogGameState: Match State Changed from EnteringMap to WaitingToStart
[2018.03.22-00.50.47:695][361]LogGameMode: Display: Match State Changed from WaitingToStart to InProgress
[2018.03.22-00.50.47:742][361]LogStreaming: Warning: Failed to read file '../../../../../../Users/peter/Documents/Unreal Projects/MultiplayerTest/CardinalMenu_Project_v171227_418/Saved/SaveGames/GameSettings.sav' error.
[2018.03.22-00.50.47:750][361]LogStreaming: Warning: Failed to read file '../../../../../../Users/peter/Documents/Unreal Projects/MultiplayerTest/CardinalMenu_Project_v171227_418/Saved/SaveGames/AudioSettings.sav' error.
[2018.03.22-00.50.47:751][361]LogStreaming: Warning: Failed to read file '../../../../../../Users/peter/Documents/Unreal Projects/MultiplayerTest/CardinalMenu_Project_v171227_418/Saved/SaveGames/GameSettings.sav' error.
[2018.03.22-00.50.47:751][361]LogGameState: Match State Changed from WaitingToStart to InProgress
[2018.03.22-00.50.47:976][361]LogLoad: Took 0.402379 seconds to LoadMap(/Game/Cardinal/MainMenu/Maps/ExampleMap)
[2018.03.22-00.50.48:607][399]LogStreaming: Warning: Failed to read file '../../../../../../Users/peter/Documents/Unreal Projects/MultiplayerTest/CardinalMenu_Project_v171227_418/Saved/SaveGames/GameOptions.sav' error.
[2018.03.22-00.50.49:607][461]LogStreaming: Warning: Failed to read file '../../../../../../Users/peter/Documents/Unreal Projects/MultiplayerTest/CardinalMenu_Project_v171227_418/Saved/SaveGames/GameSettings.sav' error.
[2018.03.22-00.50.52:032][611]LogOnline: Warning: STEAM: Can't destroy a null online session (GameSession)
[2018.03.22-00.50.52:073][611]LogPackageName: SearchForPackageOnDisk took   0.040s to resolve MainMenu.umap.
[2018.03.22-00.50.52:073][611]LogGameMode: Display: Match State Changed from InProgress to LeavingMap
[2018.03.22-00.50.52:073][611]LogGameState: Match State Changed from InProgress to LeavingMap
[2018.03.22-00.50.52:114][611]LogPackageName: SearchForPackageOnDisk took   0.041s to resolve MainMenu.umap.
[2018.03.22-00.50.52:114][611]LogNet: Browse: /Game/Cardinal/MainMenu/Maps/MainMenu
[2018.03.22-00.50.52:134][611]LogLoad: LoadMap: /Game/Cardinal/MainMenu/Maps/MainMenu
[2018.03.22-00.50.52:240][611]LogAIModule: Creating AISystem for world MainMenu
[2018.03.22-00.50.52:240][611]LogLoad: Game class is 'BP_MenuGameMode_C'
[2018.03.22-00.50.52:242][611]LogWorld: Bringing World /Game/Cardinal/MainMenu/Maps/MainMenu.MainMenu up for play (max tick rate 0) at 2018.03.21-17.50.52
[2018.03.22-00.50.52:242][611]LogWorld: Bringing up level for play took: 0.001184
[2018.03.22-00.50.52:242][611]LogGameMode: Display: Match State Changed from EnteringMap to WaitingToStart
[2018.03.22-00.50.52:242][611]LogGameState: Match State Changed from EnteringMap to WaitingToStart
[2018.03.22-00.50.52:242][611]LogGameMode: Display: Match State Changed from WaitingToStart to InProgress
[2018.03.22-00.50.52:243][611]LogEngine: Onscreen warnings/messages are now DISABLED
[2018.03.22-00.50.52:288][611]LogStreaming: Warning: Failed to read file '../../../../../../Users/peter/Documents/Unreal Projects/MultiplayerTest/CardinalMenu_Project_v171227_418/Saved/SaveGames/GameSettings.sav' error.
[2018.03.22-00.50.52:297][611]LogStreaming: Warning: Failed to read file '../../../../../../Users/peter/Documents/Unreal Projects/MultiplayerTest/CardinalMenu_Project_v171227_418/Saved/SaveGames/AudioSettings.sav' error.
[2018.03.22-00.50.52:298][611]LogGameState: Match State Changed from WaitingToStart to InProgress
[2018.03.22-00.50.52:518][611]LogLoad: Took 0.384574 seconds to LoadMap(/Game/Cardinal/MainMenu/Maps/MainMenu)
[2018.03.22-00.51.45:591][902]Closing by request
[2018.03.22-00.51.45:591][902]LogWindows: FPlatformMisc::RequestExit(0)
[2018.03.22-00.51.45:594][902]AdvancedFriendsInterfaceLog: Warning: UAdvancedFriendsInstance Failed to get voice interface!
[2018.03.22-00.51.45:992][902]LogWindowsTextInputMethodSystem: Display: IME system now deactivated.
[2018.03.22-00.51.45:997][902]LogWindowsTextInputMethodSystem: Display: IME system now deactivated.
[2018.03.22-00.51.45:998][902]LogExit: Preparing to exit.
[2018.03.22-00.51.45:998][902]LogMoviePlayer: Shutting down movie player
[2018.03.22-00.51.46:403][902]LogExit: Game engine shut down
[2018.03.22-00.51.46:446][902]LogExit: Object subsystem successfully closed.
[2018.03.22-00.51.46:470][902]LogD3D11RHI: Shutdown
[2018.03.22-00.51.46:470][902]LogD3D11RHI: CleanupD3DDevice
[2018.03.22-00.51.46:473][902]LogD3D11RHI: ~FD3D11DynamicRHI
[2018.03.22-00.51.46:487][902]LogModuleManager: Shutting down and abandoning module SequenceRecorderSections (336)
[2018.03.22-00.51.46:487][902]LogModuleManager: Shutting down and abandoning module SequenceRecorder (334)
[2018.03.22-00.51.46:487][902]LogModuleManager: Shutting down and abandoning module AutomationController (332)
[2018.03.22-00.51.46:487][902]LogModuleManager: Shutting down and abandoning module AutomationWorker (330)
[2018.03.22-00.51.46:487][902]LogModuleManager: Shutting down and abandoning module WebBrowser (328)
[2018.03.22-00.51.46:495][902]LogModuleManager: Shutting down and abandoning module AIModule (326)
[2018.03.22-00.51.46:495][902]LogModuleManager: Shutting down and abandoning module GameplayDebugger (325)
[2018.03.22-00.51.46:496][902]LogModuleManager: Shutting down and abandoning module AITestSuite (323)
[2018.03.22-00.51.46:496][902]LogModuleManager: Shutting down and abandoning module WmfMediaFactory (320)
[2018.03.22-00.51.46:496][902]LogModuleManager: Shutting down and abandoning module OpenExrWrapper (318)
[2018.03.22-00.51.46:496][902]LogModuleManager: Shutting down and abandoning module ImgMediaFactory (316)
[2018.03.22-00.51.46:496][902]LogModuleManager: Shutting down and abandoning module AvfMediaFactory (314)
[2018.03.22-00.51.46:496][902]LogModuleManager: Shutting down and abandoning module CharacterAI (312)
[2018.03.22-00.51.46:496][902]LogModuleManager: Shutting down and abandoning module SessionServices (310)
[2018.03.22-00.51.46:496][902]LogModuleManager: Shutting down and abandoning module MovieSceneCapture (308)
[2018.03.22-00.51.46:496][902]LogModuleManager: Shutting down and abandoning module MovieSceneTracks (306)
[2018.03.22-00.51.46:496][902]LogModuleManager: Shutting down and abandoning module MovieScene (304)
[2018.03.22-00.51.46:496][902]LogModuleManager: Shutting down and abandoning module GeometryCache (302)
[2018.03.22-00.51.46:496][902]LogModuleManager: Shutting down and abandoning module GeometryCacheEd (301)
[2018.03.22-00.51.46:496][902]LogModuleManager: Shutting down and abandoning module StreamingPauseRendering (298)
[2018.03.22-00.51.46:496][902]LogModuleManager: Shutting down and abandoning module PortalServices (296)
[2018.03.22-00.51.46:496][902]LogModuleManager: Shutting down and abandoning module PortalRpc (294)
[2018.03.22-00.51.46:496][902]LogModuleManager: Shutting down and abandoning module MessagingRpc (292)
[2018.03.22-00.51.46:496][902]LogModuleManager: Shutting down and abandoning module ProfilerService (290)
[2018.03.22-00.51.46:535][902]LogModuleManager: Shutting down and abandoning module TaskGraph (288)
[2018.03.22-00.51.46:535][902]LogModuleManager: Shutting down and abandoning module SteamVRController (286)
[2018.03.22-00.51.46:535][902]LogModuleManager: Shutting down and abandoning module SteamController (284)
[2018.03.22-00.51.46:535][902]LogModuleManager: Shutting down and abandoning module ProceduralMeshComponent (282)
[2018.03.22-00.51.46:535][902]LogModuleManager: Shutting down and abandoning module OculusInput (280)
[2018.03.22-00.51.46:535][902]LogModuleManager: Shutting down and abandoning module MobilePatchingUtils (278)
[2018.03.22-00.51.46:535][902]LogModuleManager: Shutting down and abandoning module CustomMeshComponent (276)
[2018.03.22-00.51.46:535][902]LogModuleManager: Shutting down and abandoning module CableComponent (274)
[2018.03.22-00.51.46:535][902]LogModuleManager: Shutting down and abandoning module ArchVisCharacter (272)
[2018.03.22-00.51.46:535][902]LogModuleManager: Shutting down and abandoning module AndroidPermission (270)
[2018.03.22-00.51.46:535][902]LogModuleManager: Shutting down and abandoning module ActorSequence (266)
[2018.03.22-00.51.46:535][902]LogModuleManager: Shutting down and abandoning module MediaCompositing (264)
[2018.03.22-00.51.46:535][902]LogModuleManager: Shutting down and abandoning module HTML5Networking (262)
[2018.03.22-00.51.46:535][902]LogModuleManager: Shutting down and abandoning module VisualStudioSourceCodeAccess (260)
[2018.03.22-00.51.46:535][902]LogModuleManager: Shutting down and abandoning module HotReload (259)
[2018.03.22-00.51.46:535][902]LogDirectoryWatcher: A directory notification for 'C:/Users/peter/Documents/Unreal Projects/MultiplayerTest/CardinalMenu_Project_v171227_418/Binaries/Win64' was aborted.
[2018.03.22-00.51.46:535][902]LogDirectoryWatcher: A directory notification for 'C:/Users/peter/Documents/Unreal Projects/MultiplayerTest/CardinalMenu_Project_v171227_418/Plugins/AdvancedSessions/Binaries/Win64' was aborted.
[2018.03.22-00.51.46:535][902]LogDirectoryWatcher: A directory notification for 'C:/Users/peter/Documents/Unreal Projects/MultiplayerTest/CardinalMenu_Project_v171227_418/Plugins/AdvancedSteamSessions/Binaries/Win64' was aborted.
[2018.03.22-00.51.46:535][902]LogDirectoryWatcher: A directory notification for 'C:/Users/peter/Documents/Unreal Projects/MultiplayerTest/CardinalMenu_Project_v171227_418/Plugins/GamepadUMGPlugin/Plugins/GamepadUMGPlugin/Binaries/Win64' was aborted.
[2018.03.22-00.51.46:535][902]LogDirectoryWatcher: A directory notification for 'C:/Users/peter/Documents/Unreal Projects/MultiplayerTest/CardinalMenu_Project_v171227_418/Plugins/LoadingScreen/Binaries/Win64' was aborted.
[2018.03.22-00.51.46:535][902]LogDirectoryWatcher: A directory notification for 'C:/Users/peter/Documents/Unreal Projects/MultiplayerTest/CardinalMenu_Project_v171227_418/Plugins/VictoryPlugin/Binaries/Win64' was aborted.
[2018.03.22-00.51.46:535][902]LogModuleManager: Shutting down and abandoning module VisualStudioCodeSourceCodeAccess (256)
[2018.03.22-00.51.46:535][902]LogModuleManager: Shutting down and abandoning module UObjectPlugin (254)
[2018.03.22-00.51.46:535][902]LogModuleManager: Shutting down and abandoning module SubversionSourceControl (252)
[2018.03.22-00.51.46:535][902]LogModuleManager: Shutting down and abandoning module PerforceSourceControl (250)
[2018.03.22-00.51.46:535][902]LogModuleManager: Shutting down and abandoning module SourceControl (249)
[2018.03.22-00.51.46:536][902]LogModuleManager: Shutting down and abandoning module CardinalMenu (246)
[2018.03.22-00.51.46:536][902]LogModuleManager: Shutting down and abandoning module VictoryBPLibrary (244)
[2018.03.22-00.51.46:536][902]LogModuleManager: Shutting down and abandoning module GamepadUMGPlugin (242)
[2018.03.22-00.51.46:536][902]LogModuleManager: Shutting down and abandoning module AdvancedSteamSessions (240)
[2018.03.22-00.51.46:536][902]LogModuleManager: Shutting down and abandoning module AdvancedSessions (238)
[2018.03.22-00.51.46:536][902]LogModuleManager: Shutting down and abandoning module WebBrowserWidget (236)
[2018.03.22-00.51.46:536][902]LogModuleManager: Shutting down and abandoning module RuntimePhysXCooking (234)
[2018.03.22-00.51.46:536][902]LogModuleManager: Shutting down and abandoning module PhysXVehiclesEditor (232)
[2018.03.22-00.51.46:536][902]LogModuleManager: Shutting down and abandoning module PhysXVehicles (230)
[2018.03.22-00.51.46:536][902]LogModuleManager: Shutting down and abandoning module LocationServicesBPLibrary (228)
[2018.03.22-00.51.46:536][902]LogModuleManager: Shutting down and abandoning module ImmediatePhysicsEditor (226)
[2018.03.22-00.51.46:536][902]LogModuleManager: Shutting down and abandoning module ImmediatePhysics (224)
[2018.03.22-00.51.46:536][902]LogModuleManager: Shutting down and abandoning module ApexDestructionEditor (222)
[2018.03.22-00.51.46:536][902]LogModuleManager: Shutting down and abandoning module ApexDestruction (220)
[2018.03.22-00.51.46:536][902]LogModuleManager: Shutting down and abandoning module UdpMessaging (218)
[2018.03.22-00.51.46:636][902]LogModuleManager: Shutting down and abandoning module TcpMessaging (216)
[2018.03.22-00.51.47:338][902]LogModuleManager: Shutting down and abandoning module GameplayTagsEditor (214)
[2018.03.22-00.51.47:338][902]LogModuleManager: Shutting down and abandoning module FacialAnimation (212)
[2018.03.22-00.51.47:338][902]LogModuleManager: Shutting down and abandoning module AssetManagerEditor (210)
[2018.03.22-00.51.47:338][902]LogModuleManager: Shutting down and abandoning module GraphEditor (209)
[2018.03.22-00.51.47:338][902]LogModuleManager: Shutting down and abandoning module ContentBrowser (207)
[2018.03.22-00.51.47:338][902]LogModuleManager: Shutting down and abandoning module CollectionManager (206)
[2018.03.22-00.51.47:338][902]LogDirectoryWatcher: A directory notification for 'C:/Users/peter/Documents/Unreal Projects/MultiplayerTest/CardinalMenu_Project_v171227_418/Content/Collections/' was aborted.
[2018.03.22-00.51.47:338][902]LogDirectoryWatcher: A directory notification for 'C:/Users/peter/Documents/Unreal Projects/MultiplayerTest/CardinalMenu_Project_v171227_418/Content/Developers/peter/Collections/' was aborted.
[2018.03.22-00.51.47:338][902]LogDirectoryWatcher: A directory notification for 'C:/Users/peter/Documents/Unreal Projects/MultiplayerTest/CardinalMenu_Project_v171227_418/Saved/Collections/' was aborted.
[2018.03.22-00.51.47:338][902]LogModuleManager: Shutting down and abandoning module DirectoryWatcher (205)
[2018.03.22-00.51.47:338][902]LogModuleManager: Shutting down and abandoning module LightPropagationVolumeRuntime (200)
[2018.03.22-00.51.47:338][902]LogModuleManager: Shutting down and abandoning module Paper2D (198)
[2018.03.22-00.51.47:338][902]LogModuleManager: Shutting down and abandoning module LoadingScreen (196)
[2018.03.22-00.51.47:338][902]LogModuleManager: Shutting down and abandoning module WindowsMoviePlayer (194)
[2018.03.22-00.51.47:338][902]LogModuleManager: Shutting down and abandoning module WmfMedia (192)
[2018.03.22-00.51.47:341][902]LogModuleManager: Shutting down and abandoning module ImgMedia (190)
[2018.03.22-00.51.47:341][902]LogModuleManager: Shutting down and abandoning module PacketHandler (188)
[2018.03.22-00.51.47:341][902]LogModuleManager: Shutting down and abandoning module ClothingSystemEditor (186)
[2018.03.22-00.51.47:341][902]LogModuleManager: Shutting down and abandoning module ClothingSystemRuntime (184)
[2018.03.22-00.51.47:341][902]LogModuleManager: Shutting down and abandoning module MediaAssets (182)
[2018.03.22-00.51.47:341][902]LogModuleManager: Shutting down and abandoning module Media (181)
[2018.03.22-00.51.47:346][902]LogModuleManager: Shutting down and abandoning module Overlay (178)
[2018.03.22-00.51.47:346][902]LogModuleManager: Shutting down and abandoning module OverlayEditor (177)
[2018.03.22-00.51.47:346][902]LogModuleManager: Shutting down and abandoning module VREditor (174)
[2018.03.22-00.51.47:346][902]LogModuleManager: Shutting down and abandoning module StringTableEditor (172)
[2018.03.22-00.51.47:346][902]LogModuleManager: Shutting down and abandoning module GameplayTasksEditor (170)
[2018.03.22-00.51.47:346][902]LogModuleManager: Shutting down and abandoning module BehaviorTreeEditor (168)
[2018.03.22-00.51.47:346][902]LogModuleManager: Shutting down and abandoning module FunctionalTesting (166)
[2018.03.22-00.51.47:346][902]LogModuleManager: Shutting down and abandoning module CollisionAnalyzer (164)
[2018.03.22-00.51.47:347][902]LogModuleManager: Shutting down and abandoning module WorkspaceMenuStructure (163)
[2018.03.22-00.51.47:347][902]LogModuleManager: Shutting down and abandoning module UMG (160)
[2018.03.22-00.51.47:347][902]LogModuleManager: Shutting down and abandoning module UMGEditor (159)
[2018.03.22-00.51.47:347][902]LogModuleManager: Shutting down and abandoning module Sequencer (158)
[2018.03.22-00.51.47:347][902]LogModuleManager: Shutting down and abandoning module MessageLog (155)
[2018.03.22-00.51.47:347][902]LogModuleManager: Shutting down and abandoning module SlateReflector (150)
[2018.03.22-00.51.47:347][902]LogModuleManager: Shutting down and abandoning module Slate (148)
[2018.03.22-00.51.47:347][902]LogModuleManager: Shutting down and abandoning module EditorStyle (146)
[2018.03.22-00.51.47:348][902]LogModuleManager: Shutting down and abandoning module MRMesh (144)
[2018.03.22-00.51.47:348][902]LogModuleManager: Shutting down and abandoning module Messaging (142)
[2018.03.22-00.51.47:348][902]LogModuleManager: Shutting down and abandoning module SourceCodeAccess (140)
[2018.03.22-00.51.47:348][902]LogModuleManager: Shutting down and abandoning module HeadMountedDisplay (138)
[2018.03.22-00.51.47:348][902]LogModuleManager: Shutting down and abandoning module XAudio2 (136)
[2018.03.22-00.51.47:348][902]LogModuleManager: Shutting down and abandoning module Networking (134)
[2018.03.22-00.51.47:348][902]LogModuleManager: Shutting down and abandoning module Core (132)
[2018.03.22-00.51.47:348][902]LogModuleManager: Shutting down and abandoning module LevelSequence (130)
[2018.03.22-00.51.47:348][902]LogModuleManager: Shutting down and abandoning module KismetCompiler (128)
[2018.03.22-00.51.47:348][902]LogModuleManager: Shutting down and abandoning module MeshUtilities (126)
[2018.03.22-00.51.47:348][902]LogModuleManager: Shutting down and abandoning module MeshMergeUtilities (125)
[2018.03.22-00.51.47:348][902]LogModuleManager: Shutting down and abandoning module MeshReductionInterface (124)
[2018.03.22-00.51.47:348][902]LogModuleManager: Shutting down and abandoning module SimplygonSwarm (123)
[2018.03.22-00.51.47:348][902]LogModuleManager: Shutting down and abandoning module SimplygonMeshReduction (121)
[2018.03.22-00.51.47:348][902]LogModuleManager: Shutting down and abandoning module QuadricMeshReduction (119)
[2018.03.22-00.51.47:348][902]LogModuleManager: Shutting down and abandoning module MaterialBaking (115)
[2018.03.22-00.51.47:348][902]LogModuleManager: Shutting down and abandoning module DerivedDataCache (110)
[2018.03.22-00.51.47:663][902]LogDerivedDataCache: Shutdown
[2018.03.22-00.51.47:663][902]LogModuleManager: Shutting down and abandoning module TargetPlatform (108)
[2018.03.22-00.51.47:663][902]LogModuleManager: Shutting down and abandoning module VulkanShaderFormat (107)
[2018.03.22-00.51.47:663][902]LogModuleManager: Shutting down and abandoning module ShaderFormatVectorVM (105)
[2018.03.22-00.51.47:663][902]LogModuleManager: Shutting down and abandoning module ShaderFormatOpenGL (103)
[2018.03.22-00.51.47:664][902]LogModuleManager: Shutting down and abandoning module ShaderFormatD3D (101)
[2018.03.22-00.51.47:664][902]LogModuleManager: Shutting down and abandoning module MetalShaderFormat (99)
[2018.03.22-00.51.47:664][902]LogModuleManager: Shutting down and abandoning module TextureFormatUncompressed (97)
[2018.03.22-00.51.47:664][902]LogModuleManager: Shutting down and abandoning module TextureFormatPVR (95)
[2018.03.22-00.51.47:664][902]LogModuleManager: Shutting down and abandoning module TextureFormatDXT (93)
[2018.03.22-00.51.47:664][902]LogModuleManager: Shutting down and abandoning module TextureFormatIntelISPCTexComp (91)
[2018.03.22-00.51.47:664][902]LogModuleManager: Shutting down and abandoning module TextureFormatASTC (89)
[2018.03.22-00.51.47:664][902]LogModuleManager: Shutting down and abandoning module ImageWrapper (88)
[2018.03.22-00.51.47:664][902]LogModuleManager: Shutting down and abandoning module TextureFormatAndroid (85)
[2018.03.22-00.51.47:664][902]LogModuleManager: Shutting down and abandoning module AudioFormatOpus (83)
[2018.03.22-00.51.47:664][902]LogModuleManager: Shutting down and abandoning module AudioFormatOgg (81)
[2018.03.22-00.51.47:664][902]LogModuleManager: Shutting down and abandoning module AudioFormatADPCM (79)
[2018.03.22-00.51.47:664][902]LogModuleManager: Shutting down and abandoning module WindowsTargetPlatform (77)
[2018.03.22-00.51.47:664][902]LogModuleManager: Shutting down and abandoning module WindowsServerTargetPlatform (75)
[2018.03.22-00.51.47:664][902]LogModuleManager: Shutting down and abandoning module WindowsNoEditorTargetPlatform (73)
[2018.03.22-00.51.47:664][902]LogModuleManager: Shutting down and abandoning module WindowsClientTargetPlatform (71)
[2018.03.22-00.51.47:664][902]LogModuleManager: Shutting down and abandoning module InputCore (68)
[2018.03.22-00.51.47:664][902]LogModuleManager: Shutting down and abandoning module Settings (66)
[2018.03.22-00.51.47:665][902]LogModuleManager: Shutting down and abandoning module PhysXCooking (64)
[2018.03.22-00.51.47:665][902]LogModuleManager: Shutting down and abandoning module SteamVR (62)
[2018.03.22-00.51.47:665][902]LogModuleManager: Shutting down and abandoning module OculusHMD (60)
[2018.03.22-00.51.47:665][902]LogModuleManager: Shutting down and abandoning module ExampleDeviceProfileSelector (58)
[2018.03.22-00.51.47:665][902]LogModuleManager: Shutting down and abandoning module AppleARKit (56)
[2018.03.22-00.51.47:665][902]LogModuleManager: Shutting down and abandoning module AugmentedReality (55)
[2018.03.22-00.51.47:665][902]LogModuleManager: Shutting down and abandoning module OnlineBlueprintSupport (52)
[2018.03.22-00.51.47:665][902]LogModuleManager: Shutting down and abandoning module OnlineSubsystem (48)
[2018.03.22-00.51.47:665][902]LogOnline: Display: STEAM: OnlineSubsystemSteam::Shutdown()
[2018.03.22-00.51.47:665][902]LogOnline: Display: OSS: FOnlineAsyncTaskManager::Stop() ActiveTask:0000000000000000 Tasks[0/0]
[2018.03.22-00.51.47:723][902]LogOnline: Display: OSS: FOnlineAsyncTaskManager::Exit() started
[2018.03.22-00.51.47:723][902]LogOnline: Display: OSS: FOnlineAsyncTaskManager::Exit() finished
[2018.03.22-00.51.47:723][902]LogOnline: Display: STEAM: OnlineSubsystemSteam::Shutdown()
[2018.03.22-00.51.47:724][902]LogModuleManager: Shutting down and abandoning module XMPP (43)
[2018.03.22-00.51.47:724][902]LogModuleManager: Shutting down and abandoning module HTTP (41)
[2018.03.22-00.51.47:742][902]LogModuleManager: Shutting down and abandoning module SSL (40)
[2018.03.22-00.51.47:744][902]LogModuleManager: Shutting down and abandoning module AnimationModifiers (36)
[2018.03.22-00.51.47:744][902]LogModuleManager: Shutting down and abandoning module PropertyEditor (35)
[2018.03.22-00.51.47:744][902]LogModuleManager: Shutting down and abandoning module AudioEditor (32)
[2018.03.22-00.51.47:744][902]LogModuleManager: Shutting down and abandoning module TextureCompressor (30)
[2018.03.22-00.51.47:744][902]LogModuleManager: Shutting down and abandoning module ShaderCore (28)
[2018.03.22-00.51.47:744][902]LogModuleManager: Shutting down and abandoning module Landscape (26)
[2018.03.22-00.51.47:744][902]LogModuleManager: Shutting down and abandoning module SlateRHIRenderer (24)
[2018.03.22-00.51.47:744][902]LogModuleManager: Shutting down and abandoning module OpenGLDrv (22)
[2018.03.22-00.51.47:744][902]LogModuleManager: Shutting down and abandoning module D3D11RHI (20)
[2018.03.22-00.51.47:744][902]LogModuleManager: Shutting down and abandoning module AnimGraphRuntime (18)
[2018.03.22-00.51.47:745][902]LogModuleManager: Shutting down and abandoning module Renderer (16)
[2018.03.22-00.51.47:745][902]LogModuleManager: Shutting down and abandoning module Engine (14)
[2018.03.22-00.51.47:745][902]LogModuleManager: Shutting down and abandoning module CoreUObject (12)
[2018.03.22-00.51.47:745][902]LogModuleManager: Shutting down and abandoning module NetworkFile (10)
[2018.03.22-00.51.47:745][902]LogModuleManager: Shutting down and abandoning module CookedIterativeFile (8)
[2018.03.22-00.51.47:745][902]LogModuleManager: Shutting down and abandoning module StreamingFile (6)
[2018.03.22-00.51.47:745][902]LogModuleManager: Shutting down and abandoning module SandboxFile (4)
[2018.03.22-00.51.47:745][902]LogModuleManager: Shutting down and abandoning module PakFile (2)
[2018.03.22-00.51.47:748][902]LogExit: Exiting.
[2018.03.22-00.51.47:750][902]Log file closed, 03/21/18 17:51:47
