Log file open, 03/21/18 17:36:30
LogWindows: Failed to load 'aqProf.dll' (GetLastError=126)
LogWindows: File 'aqProf.dll' does not exist
LogWindows: Failed to load 'VSPerf140.dll' (GetLastError=126)
LogWindows: File 'VSPerf140.dll' does not exist
LogWindows: Failed to load 'VtuneApi.dll' (GetLastError=126)
LogWindows: File 'VtuneApi.dll' does not exist
LogWindows: Failed to load 'VtuneApi32e.dll' (GetLastError=126)
LogWindows: File 'VtuneApi32e.dll' does not exist
LogInit: Display: Running engine for game: CardinalMenu
LogPlatformFile: Not using cached read wrapper
LogInit: Display: RandInit(-1004736353) SRandInit(-1004736353).
LogInit: Read version file with build ID '3709383'
LogInit: Overriding engine version to CL 3832480, compatible CL 3709383
LogInit: Registered custom module enumerator with build ID '3709383'
LogTaskGraph: Started task graph with 5 named threads and 14 total threads with 3 sets of task threads.
LogStats: Stats thread started at 0.155122
LogD3D11RHI: Aftermath initialized
LogPluginManager: Mounting plugin Paper2D
LogPluginManager: Mounting plugin LightPropagationVolume
LogPluginManager: Mounting plugin CodeLiteSourceCodeAccess
LogPluginManager: Mounting plugin GitSourceControl
LogPluginManager: Mounting plugin KDevelopSourceCodeAccess
LogPluginManager: Mounting plugin NullSourceCodeAccess
LogPluginManager: Mounting plugin PerforceSourceControl
LogPluginManager: Mounting plugin SubversionSourceControl
LogPluginManager: Mounting plugin UObjectPlugin
LogPluginManager: Mounting plugin VisualStudioCodeSourceCodeAccess
LogPluginManager: Mounting plugin VisualStudioSourceCodeAccess
LogPluginManager: Mounting plugin XCodeSourceCodeAccess
LogPluginManager: Mounting plugin AssetManagerEditor
LogPluginManager: Mounting plugin AudioCapture
LogPluginManager: Mounting plugin FacialAnimation
LogPluginManager: Mounting plugin GameplayTagsEditor
LogPluginManager: Mounting plugin MobileLauncherProfileWizard
LogPluginManager: Mounting plugin PluginBrowser
LogPluginManager: Mounting plugin SpeedTreeImporter
LogPluginManager: Mounting plugin AlembicImporter
LogPluginManager: Mounting plugin CharacterAI
LogPluginManager: Mounting plugin HTML5Networking
LogPluginManager: Mounting plugin AndroidMedia
LogPluginManager: Mounting plugin AvfMedia
LogPluginManager: Mounting plugin ImgMedia
LogPluginManager: Mounting plugin MediaCompositing
LogPluginManager: Mounting plugin MediaPlayerEditor
LogPluginManager: Mounting plugin WmfMedia
LogPluginManager: Mounting plugin TcpMessaging
LogPluginManager: Mounting plugin UdpMessaging
LogPluginManager: Mounting plugin ActorSequence
LogPluginManager: Mounting plugin LevelSequenceEditor
LogPluginManager: Mounting plugin MatineeToLevelSequence
LogPluginManager: Mounting plugin OnlineSubsystemGooglePlay
LogPluginManager: Mounting plugin OnlineSubsystemIOS
LogPluginManager: Mounting plugin OnlineSubsystem
LogPluginManager: Mounting plugin OnlineSubsystemNull
LogPluginManager: Mounting plugin OnlineSubsystemSteam
LogPluginManager: Mounting plugin OnlineSubsystemUtils
LogPluginManager: Mounting plugin AndroidDeviceProfileSelector
LogPluginManager: Mounting plugin AndroidMoviePlayer
LogPluginManager: Mounting plugin AndroidPermission
LogPluginManager: Mounting plugin ApexDestruction
LogPluginManager: Mounting plugin AppleARKit
LogPluginManager: Mounting plugin AppleMoviePlayer
LogPluginManager: Mounting plugin ArchVisCharacter
LogPluginManager: Mounting plugin CableComponent
LogPluginManager: Mounting plugin CustomMeshComponent
LogPluginManager: Mounting plugin ExampleDeviceProfileSelector
LogPluginManager: Mounting plugin GoogleCloudMessaging
LogPluginManager: Mounting plugin ImmediatePhysics
LogPluginManager: Mounting plugin IOSDeviceProfileSelector
LogPluginManager: Mounting plugin LinuxDeviceProfileSelector
LogPluginManager: Mounting plugin LocationServicesBPLibrary
LogPluginManager: Mounting plugin MobilePatchingUtils
LogPluginManager: Mounting plugin OculusVR
LogPluginManager: Plugin shader directory ../../../Engine/Plugins/Runtime/Oculus/OculusVR/Shaders found
LogPluginManager: Mapping shader source directory ../../../Engine/Plugins/Runtime/Oculus/OculusVR/Shaders to virtual directory /Plugin/OculusVR
LogPluginManager: Mounting plugin PhysXVehicles
LogPluginManager: Mounting plugin ProceduralMeshComponent
LogPluginManager: Mounting plugin RuntimePhysXCooking
LogPluginManager: Mounting plugin SteamController
LogPluginManager: Mounting plugin SteamVR
LogPluginManager: Mounting plugin WebBrowserWidget
LogPluginManager: Mounting plugin WindowsMoviePlayer
LogPluginManager: Mounting plugin AdvancedSessions
LogPluginManager: Mounting plugin AdvancedSteamSessions
LogPluginManager: Mounting plugin GamepadUMGPlugin
LogPluginManager: Mounting plugin LoadingScreen
LogPluginManager: Mounting plugin VictoryBPLibrary
LogModuleManager: Display: Found up-to-date module file ../../../../../../Users/peter/Documents/Unreal Projects/MultiplayerTest/CardinalMenu_Project_v171227_418/Binaries/Win64/UE4Editor-CardinalMenu.dll (API version 3709383).
LogModuleManager: Display: Found up-to-date module file ../../../Engine/Plugins/2D/Paper2D/Binaries/Win64/UE4Editor-Paper2D.dll (API version 3709383).
LogModuleManager: Display: Found up-to-date module file ../../../Engine/Plugins/2D/Paper2D/Binaries/Win64/UE4Editor-Paper2DEditor.dll (API version 3709383).
LogModuleManager: Display: Found up-to-date module file ../../../Engine/Plugins/2D/Paper2D/Binaries/Win64/UE4Editor-PaperSpriteSheetImporter.dll (API version 3709383).
LogModuleManager: Display: Found up-to-date module file ../../../Engine/Plugins/2D/Paper2D/Binaries/Win64/UE4Editor-PaperTiledImporter.dll (API version 3709383).
LogModuleManager: Display: Found up-to-date module file ../../../Engine/Plugins/2D/Paper2D/Binaries/Win64/UE4Editor-SmartSnapping.dll (API version 3709383).
LogModuleManager: Display: Found up-to-date module file ../../../Engine/Plugins/Blendables/LightPropagationVolume/Binaries/Win64/UE4Editor-LightPropagationVolumeRuntime.dll (API version 3709383).
LogModuleManager: Display: Found up-to-date module file ../../../Engine/Plugins/Blendables/LightPropagationVolume/Binaries/Win64/UE4Editor-LightPropagationVolumeEditor.dll (API version 3709383).
LogModuleManager: Display: Found up-to-date module file ../../../Engine/Plugins/Developer/GitSourceControl/Binaries/Win64/UE4Editor-GitSourceControl.dll (API version 3709383).
LogModuleManager: Display: Found up-to-date module file ../../../Engine/Plugins/Developer/PerforceSourceControl/Binaries/Win64/UE4Editor-PerforceSourceControl.dll (API version 3709383).
LogModuleManager: Display: Found up-to-date module file ../../../Engine/Plugins/Developer/SubversionSourceControl/Binaries/Win64/UE4Editor-SubversionSourceControl.dll (API version 3709383).
LogModuleManager: Display: Found up-to-date module file ../../../Engine/Plugins/Developer/UObjectPlugin/Binaries/Win64/UE4Editor-UObjectPlugin.dll (API version 3709383).
LogModuleManager: Display: Found up-to-date module file ../../../Engine/Plugins/Developer/VisualStudioCodeSourceCodeAccess/Binaries/Win64/UE4Editor-VisualStudioCodeSourceCodeAccess.dll (API version 3709383).
LogModuleManager: Display: Found up-to-date module file ../../../Engine/Plugins/Developer/VisualStudioSourceCodeAccess/Binaries/Win64/UE4Editor-VisualStudioSourceCodeAccess.dll (API version 3709383).
LogModuleManager: Display: Found up-to-date module file ../../../Engine/Plugins/Editor/AssetManagerEditor/Binaries/Win64/UE4Editor-AssetManagerEditor.dll (API version 3709383).
LogModuleManager: Display: Found up-to-date module file ../../../Engine/Plugins/Editor/AudioCapture/Binaries/Win64/UE4Editor-AudioCapture.dll (API version 3709383).
LogModuleManager: Display: Found up-to-date module file ../../../Engine/Plugins/Editor/FacialAnimation/Binaries/Win64/UE4Editor-FacialAnimation.dll (API version 3709383).
LogModuleManager: Display: Found up-to-date module file ../../../Engine/Plugins/Editor/FacialAnimation/Binaries/Win64/UE4Editor-FacialAnimationEditor.dll (API version 3709383).
LogModuleManager: Display: Found up-to-date module file ../../../Engine/Plugins/Editor/GameplayTagsEditor/Binaries/Win64/UE4Editor-GameplayTagsEditor.dll (API version 3709383).
LogModuleManager: Display: Found up-to-date module file ../../../Engine/Plugins/Editor/MobileLauncherProfileWizard/Binaries/Win64/UE4Editor-MobileLauncherProfileWizard.dll (API version 3709383).
LogModuleManager: Display: Found up-to-date module file ../../../Engine/Plugins/Editor/PluginBrowser/Binaries/Win64/UE4Editor-PluginBrowser.dll (API version 3709383).
LogModuleManager: Display: Found up-to-date module file ../../../Engine/Plugins/Editor/SpeedTreeImporter/Binaries/Win64/UE4Editor-SpeedTreeImporter.dll (API version 3709383).
LogModuleManager: Display: Found up-to-date module file ../../../Engine/Plugins/Experimental/AlembicImporter/Binaries/Win64/UE4Editor-AlembicImporter.dll (API version 3709383).
LogModuleManager: Display: Found up-to-date module file ../../../Engine/Plugins/Experimental/AlembicImporter/Binaries/Win64/UE4Editor-AlembicLibrary.dll (API version 3709383).
LogModuleManager: Display: Found up-to-date module file ../../../Engine/Plugins/Experimental/CharacterAI/Binaries/Win64/UE4Editor-CharacterAI.dll (API version 3709383).
LogModuleManager: Display: Found up-to-date module file ../../../Engine/Plugins/Experimental/HTML5Networking/Binaries/Win64/UE4Editor-HTML5Networking.dll (API version 3709383).
LogModuleManager: Display: Found up-to-date module file ../../../Engine/Plugins/Media/AndroidMedia/Binaries/Win64/UE4Editor-AndroidMediaEditor.dll (API version 3709383).
LogModuleManager: Display: Found up-to-date module file ../../../Engine/Plugins/Media/AndroidMedia/Binaries/Win64/UE4Editor-AndroidMediaFactory.dll (API version 3709383).
LogModuleManager: Display: Found up-to-date module file ../../../Engine/Plugins/Media/AvfMedia/Binaries/Win64/UE4Editor-AvfMediaEditor.dll (API version 3709383).
LogModuleManager: Display: Found up-to-date module file ../../../Engine/Plugins/Media/AvfMedia/Binaries/Win64/UE4Editor-AvfMediaFactory.dll (API version 3709383).
LogModuleManager: Display: Found up-to-date module file ../../../Engine/Plugins/Media/AvfMedia/Binaries/Win64/UE4Editor-AvfMediaFactory.dll (API version 3709383).
LogModuleManager: Display: Found up-to-date module file ../../../Engine/Plugins/Media/ImgMedia/Binaries/Win64/UE4Editor-ImgMedia.dll (API version 3709383).
LogModuleManager: Display: Found up-to-date module file ../../../Engine/Plugins/Media/ImgMedia/Binaries/Win64/UE4Editor-ImgMediaEditor.dll (API version 3709383).
LogModuleManager: Display: Found up-to-date module file ../../../Engine/Plugins/Media/ImgMedia/Binaries/Win64/UE4Editor-ImgMediaFactory.dll (API version 3709383).
LogModuleManager: Display: Found up-to-date module file ../../../Engine/Plugins/Media/ImgMedia/Binaries/Win64/UE4Editor-ImgMediaFactory.dll (API version 3709383).
LogModuleManager: Display: Found up-to-date module file ../../../Engine/Plugins/Media/ImgMedia/Binaries/Win64/UE4Editor-OpenExrWrapper.dll (API version 3709383).
LogModuleManager: Display: Found up-to-date module file ../../../Engine/Plugins/Media/MediaCompositing/Binaries/Win64/UE4Editor-MediaCompositing.dll (API version 3709383).
LogModuleManager: Display: Found up-to-date module file ../../../Engine/Plugins/Media/MediaCompositing/Binaries/Win64/UE4Editor-MediaCompositingEditor.dll (API version 3709383).
LogModuleManager: Display: Found up-to-date module file ../../../Engine/Plugins/Media/MediaPlayerEditor/Binaries/Win64/UE4Editor-MediaPlayerEditor.dll (API version 3709383).
LogModuleManager: Display: Found up-to-date module file ../../../Engine/Plugins/Media/WmfMedia/Binaries/Win64/UE4Editor-WmfMedia.dll (API version 3709383).
LogModuleManager: Display: Found up-to-date module file ../../../Engine/Plugins/Media/WmfMedia/Binaries/Win64/UE4Editor-WmfMediaEditor.dll (API version 3709383).
LogModuleManager: Display: Found up-to-date module file ../../../Engine/Plugins/Media/WmfMedia/Binaries/Win64/UE4Editor-WmfMediaFactory.dll (API version 3709383).
LogModuleManager: Display: Found up-to-date module file ../../../Engine/Plugins/Media/WmfMedia/Binaries/Win64/UE4Editor-WmfMediaFactory.dll (API version 3709383).
LogModuleManager: Display: Found up-to-date module file ../../../Engine/Plugins/Messaging/TcpMessaging/Binaries/Win64/UE4Editor-TcpMessaging.dll (API version 3709383).
LogModuleManager: Display: Found up-to-date module file ../../../Engine/Plugins/Messaging/UdpMessaging/Binaries/Win64/UE4Editor-UdpMessaging.dll (API version 3709383).
LogModuleManager: Display: Found up-to-date module file ../../../Engine/Plugins/MovieScene/ActorSequence/Binaries/Win64/UE4Editor-ActorSequence.dll (API version 3709383).
LogModuleManager: Display: Found up-to-date module file ../../../Engine/Plugins/MovieScene/LevelSequenceEditor/Binaries/Win64/UE4Editor-LevelSequenceEditor.dll (API version 3709383).
LogModuleManager: Display: Found up-to-date module file ../../../Engine/Plugins/MovieScene/MatineeToLevelSequence/Binaries/Win64/UE4Editor-MatineeToLevelSequence.dll (API version 3709383).
LogModuleManager: Display: Found up-to-date module file ../../../Engine/Plugins/Online/OnlineSubsystem/Binaries/Win64/UE4Editor-OnlineSubsystem.dll (API version 3709383).
LogModuleManager: Display: Found up-to-date module file ../../../Engine/Plugins/Online/OnlineSubsystemNull/Binaries/Win64/UE4Editor-OnlineSubsystemNull.dll (API version 3709383).
LogModuleManager: Display: Found up-to-date module file ../../../Engine/Plugins/Online/OnlineSubsystemSteam/Binaries/Win64/UE4Editor-OnlineSubsystemSteam.dll (API version 3709383).
LogModuleManager: Display: Found up-to-date module file ../../../Engine/Plugins/Online/OnlineSubsystemUtils/Binaries/Win64/UE4Editor-OnlineSubsystemUtils.dll (API version 3709383).
LogModuleManager: Display: Found up-to-date module file ../../../Engine/Plugins/Online/OnlineSubsystemUtils/Binaries/Win64/UE4Editor-OnlineBlueprintSupport.dll (API version 3709383).
LogModuleManager: Display: Found up-to-date module file ../../../Engine/Plugins/Runtime/AndroidDeviceProfileSelector/Binaries/Win64/UE4Editor-AndroidDeviceProfileSelector.dll (API version 3709383).
LogModuleManager: Display: Found up-to-date module file ../../../Engine/Plugins/Runtime/AndroidPermission/Binaries/Win64/UE4Editor-AndroidPermission.dll (API version 3709383).
LogModuleManager: Display: Found up-to-date module file ../../../Engine/Plugins/Runtime/ApexDestruction/Binaries/Win64/UE4Editor-ApexDestruction.dll (API version 3709383).
LogModuleManager: Display: Found up-to-date module file ../../../Engine/Plugins/Runtime/ApexDestruction/Binaries/Win64/UE4Editor-ApexDestructionEditor.dll (API version 3709383).
LogModuleManager: Display: Found up-to-date module file ../../../Engine/Plugins/Runtime/AppleARKit/Binaries/Win64/UE4Editor-AppleARKit.dll (API version 3709383).
LogModuleManager: Display: Found up-to-date module file ../../../Engine/Plugins/Runtime/ArchVisCharacter/Binaries/Win64/UE4Editor-ArchVisCharacter.dll (API version 3709383).
LogModuleManager: Display: Found up-to-date module file ../../../Engine/Plugins/Runtime/CableComponent/Binaries/Win64/UE4Editor-CableComponent.dll (API version 3709383).
LogModuleManager: Display: Found up-to-date module file ../../../Engine/Plugins/Runtime/CustomMeshComponent/Binaries/Win64/UE4Editor-CustomMeshComponent.dll (API version 3709383).
LogModuleManager: Display: Found up-to-date module file ../../../Engine/Plugins/Runtime/ExampleDeviceProfileSelector/Binaries/Win64/UE4Editor-ExampleDeviceProfileSelector.dll (API version 3709383).
LogModuleManager: Display: Found up-to-date module file ../../../Engine/Plugins/Runtime/ImmediatePhysics/Binaries/Win64/UE4Editor-ImmediatePhysics.dll (API version 3709383).
LogModuleManager: Display: Found up-to-date module file ../../../Engine/Plugins/Runtime/ImmediatePhysics/Binaries/Win64/UE4Editor-ImmediatePhysicsEditor.dll (API version 3709383).
LogModuleManager: Display: Found up-to-date module file ../../../Engine/Plugins/Runtime/LocationServicesBPLibrary/Binaries/Win64/UE4Editor-LocationServicesBPLibrary.dll (API version 3709383).
LogModuleManager: Display: Found up-to-date module file ../../../Engine/Plugins/Runtime/MobilePatchingUtils/Binaries/Win64/UE4Editor-MobilePatchingUtils.dll (API version 3709383).
LogModuleManager: Display: Found up-to-date module file ../../../Engine/Plugins/Runtime/Oculus/OculusVR/Binaries/Win64/UE4Editor-OculusHMD.dll (API version 3709383).
LogModuleManager: Display: Found up-to-date module file ../../../Engine/Plugins/Runtime/Oculus/OculusVR/Binaries/Win64/UE4Editor-OculusInput.dll (API version 3709383).
LogModuleManager: Display: Found up-to-date module file ../../../Engine/Plugins/Runtime/Oculus/OculusVR/Binaries/Win64/UE4Editor-OculusEditor.dll (API version 3709383).
LogModuleManager: Display: Found up-to-date module file ../../../Engine/Plugins/Runtime/PhysXVehicles/Binaries/Win64/UE4Editor-PhysXVehicles.dll (API version 3709383).
LogModuleManager: Display: Found up-to-date module file ../../../Engine/Plugins/Runtime/PhysXVehicles/Binaries/Win64/UE4Editor-PhysXVehiclesEditor.dll (API version 3709383).
LogModuleManager: Display: Found up-to-date module file ../../../Engine/Plugins/Runtime/ProceduralMeshComponent/Binaries/Win64/UE4Editor-ProceduralMeshComponent.dll (API version 3709383).
LogModuleManager: Display: Found up-to-date module file ../../../Engine/Plugins/Runtime/ProceduralMeshComponent/Binaries/Win64/UE4Editor-ProceduralMeshComponentEditor.dll (API version 3709383).
LogModuleManager: Display: Found up-to-date module file ../../../Engine/Plugins/Runtime/RuntimePhysXCooking/Binaries/Win64/UE4Editor-RuntimePhysXCooking.dll (API version 3709383).
LogModuleManager: Display: Found up-to-date module file ../../../Engine/Plugins/Runtime/Steam/SteamController/Binaries/Win64/UE4Editor-SteamController.dll (API version 3709383).
LogModuleManager: Display: Found up-to-date module file ../../../Engine/Plugins/Runtime/Steam/SteamVR/Binaries/Win64/UE4Editor-SteamVR.dll (API version 3709383).
LogModuleManager: Display: Found up-to-date module file ../../../Engine/Plugins/Runtime/Steam/SteamVR/Binaries/Win64/UE4Editor-SteamVRController.dll (API version 3709383).
LogModuleManager: Display: Found up-to-date module file ../../../Engine/Plugins/Runtime/WebBrowserWidget/Binaries/Win64/UE4Editor-WebBrowserWidget.dll (API version 3709383).
LogModuleManager: Display: Found up-to-date module file ../../../Engine/Plugins/Runtime/WindowsMoviePlayer/Binaries/Win64/UE4Editor-WindowsMoviePlayer.dll (API version 3709383).
LogModuleManager: Display: Found up-to-date module file ../../../../../../Users/peter/Documents/Unreal Projects/MultiplayerTest/CardinalMenu_Project_v171227_418/Plugins/AdvancedSessions/Binaries/Win64/UE4Editor-AdvancedSessions.dll (API version 3709383).
LogModuleManager: Display: Found up-to-date module file ../../../../../../Users/peter/Documents/Unreal Projects/MultiplayerTest/CardinalMenu_Project_v171227_418/Plugins/AdvancedSteamSessions/Binaries/Win64/UE4Editor-AdvancedSteamSessions.dll (API version 3709383).
LogModuleManager: Display: Found up-to-date module file ../../../../../../Users/peter/Documents/Unreal Projects/MultiplayerTest/CardinalMenu_Project_v171227_418/Plugins/GamepadUMGPlugin/Plugins/GamepadUMGPlugin/Binaries/Win64/UE4Editor-GamepadUMGPlugin.dll (API version 3709383).
LogModuleManager: Display: Found up-to-date module file ../../../../../../Users/peter/Documents/Unreal Projects/MultiplayerTest/CardinalMenu_Project_v171227_418/Plugins/LoadingScreen/Binaries/Win64/UE4Editor-LoadingScreen.dll (API version 3709383).
LogModuleManager: Display: Found up-to-date module file ../../../../../../Users/peter/Documents/Unreal Projects/MultiplayerTest/CardinalMenu_Project_v171227_418/Plugins/VictoryPlugin/Binaries/Win64/UE4Editor-VictoryBPLibrary.dll (API version 3709383).
LogInit: Using libcurl 7.47.1
LogInit:  - built for x86_64-pc-win32
LogInit:  - supports SSL with OpenSSL/1.0.2g
LogInit:  - supports HTTP deflate (compression) using libz 1.2.8
LogInit:  - other features:
LogInit:      CURL_VERSION_SSL
LogInit:      CURL_VERSION_LIBZ
LogInit:      CURL_VERSION_IPV6
LogInit:      CURL_VERSION_ASYNCHDNS
LogInit:      CURL_VERSION_LARGEFILE
LogInit:      CURL_VERSION_IDN
LogInit:  CurlRequestOptions (configurable via config and command line):
LogInit:  - bVerifyPeer = false  - Libcurl will NOT verify peer certificate
LogInit:  - bUseHttpProxy = false  - Libcurl will NOT use HTTP proxy
LogInit:  - bDontReuseConnections = false  - Libcurl will reuse connections
LogInit:  - CertBundlePath = nullptr  - Libcurl will use whatever was configured at build time.
LogOnline: Display: STEAM: Loading Steam SDK 1.39
LogOnline: Warning: STEAM: Steam API disabled!
LogOnline: Display: STEAM: OnlineSubsystemSteam::Shutdown()
LogInit: WinSock: version 1.1 (2.2), MaxSocks=32767, MaxUdp=65467
LogInit: Build: ++UE4+Release-4.18-CL-3832480
LogInit: Engine Version: 4.18.3-3832480+++UE4+Release-4.18
LogInit: Compatible Engine Version: 4.18.0-3709383+++UE4+Release-4.18
LogInit: Net CL: 3709383
LogDevObjectVersion: Number of dev versions registered: 16
LogDevObjectVersion:   Dev-Blueprints (B0D832E4-1F89-4F0D-ACCF-7EB736FD4AA2): 10
LogDevObjectVersion:   Dev-Build (E1C64328-A22C-4D53-A36C-8E866417BD8C): 0
LogDevObjectVersion:   Dev-Core (375EC13C-06E4-48FB-B500-84F0262A717E): 2
LogDevObjectVersion:   Dev-Editor (E4B068ED-F494-42E9-A231-DA0B2E46BB41): 20
LogDevObjectVersion:   Dev-Framework (CFFC743F-43B0-4480-9391-14DF171D2073): 30
LogDevObjectVersion:   Dev-Mobile (B02B49B5-BB20-44E9-A304-32B752E40360): 0
LogDevObjectVersion:   Dev-Networking (A4E4105C-59A1-49B5-A7C5-40C4547EDFEE): 0
LogDevObjectVersion:   Dev-Online (39C831C9-5AE6-47DC-9A44-9C173E1C8E7C): 0
LogDevObjectVersion:   Dev-Physics (78F01B33-EBEA-4F98-B9B4-84EACCB95AA2): 0
LogDevObjectVersion:   Dev-Platform (6631380F-2D4D-43E0-8009-CF276956A95A): 0
LogDevObjectVersion:   Dev-Rendering (12F88B9F-8875-4AFC-A67C-D90C383ABD29): 20
LogDevObjectVersion:   Dev-Sequencer (7B5AE74C-D270-4C10-A958-57980B212A5A): 4
LogDevObjectVersion:   Dev-VR (D7296918-1DD6-4BDD-9DE2-64A83CC13884): 0
LogDevObjectVersion:   Dev-LoadTimes (C2A15278-BFE7-4AFE-6C17-90FF531DF755): 1
LogDevObjectVersion:   Private-Geometry (6EACA3D4-40EC-4CC1-B786-8BED09428FC5): 1
LogDevObjectVersion:   Dev-AnimPhys (29E575DD-E0A3-4627-9D10-D276232CDCEA): 12
LogInit: Compiled (64-bit): Jan 12 2018 02:04:55
LogInit: Compiled with Visual C++: 19.00.24215.01
LogInit: Build Configuration: Development
LogInit: Branch Name: ++UE4+Release-4.18
LogInit: Command line:  
LogInit: Base directory: C:/Program Files/Epic Games/UE_4.18/Engine/Binaries/Win64/
LogInit: Installed Engine Build: 1
LogInit: Presizing for max 8388607 objects, including 0 objects not considered by GC, pre-allocating 0 bytes for permanent pool.
LogInit: Object subsystem initialized
[2018.03.22-00.36.32:134][  0]LogInit: Selected Device Profile: [Windows]
[2018.03.22-00.36.32:134][  0]LogInit: Applying CVar settings loaded from the selected device profile: [Windows]
[2018.03.22-00.36.32:150][  0]LogInit: Computer: DESKTOP-NICM783
[2018.03.22-00.36.32:150][  0]LogInit: User: peter
[2018.03.22-00.36.32:150][  0]LogInit: CPU Page size=4096, Cores=4
[2018.03.22-00.36.32:150][  0]LogInit: High frequency timer resolution =3.703129 MHz
[2018.03.22-00.36.32:151][  0]LogMemory: Memory total: Physical=16.0GB (16GB approx)
[2018.03.22-00.36.32:151][  0]LogMemory: Platform Memory Stats for Windows
[2018.03.22-00.36.32:151][  0]LogMemory: Process Physical Memory: 274.02 MB used, 274.02 MB peak
[2018.03.22-00.36.32:151][  0]LogMemory: Process Virtual Memory: 271.73 MB used, 271.73 MB peak
[2018.03.22-00.36.32:151][  0]LogMemory: Physical Memory: 8090.36 MB used,  8254.50 MB free, 16344.86 MB total
[2018.03.22-00.36.32:151][  0]LogMemory: Virtual Memory: 686.56 MB used,  8254.50 MB free, 134217728.00 MB total
[2018.03.22-00.36.32:470][  0]LogInit: Using OS detected language (en-US).
[2018.03.22-00.36.32:470][  0]LogInit: Using OS detected locale (en-US).
[2018.03.22-00.36.32:518][  0]LogTextLocalizationManager: No specific localization for 'en-US' exists, so the 'en' localization will be used.
[2018.03.22-00.36.32:887][  0]LogInit: Setting process to per monitor DPI aware
[2018.03.22-00.36.34:723][  0]LogD3D11RHI: D3D11 adapters:
[2018.03.22-00.36.34:781][  0]LogD3D11RHI:    0. 'NVIDIA GeForce GTX 1070' (Feature Level 11_0)
[2018.03.22-00.36.34:781][  0]LogD3D11RHI:       8096/0/8172 MB DedicatedVideo/DedicatedSystem/SharedSystem, Outputs:1, VendorId:0x10de
[2018.03.22-00.36.34:783][  0]LogD3D11RHI:    1. 'Microsoft Basic Render Driver' (Feature Level 11_0)
[2018.03.22-00.36.34:783][  0]LogD3D11RHI:       0/0/8172 MB DedicatedVideo/DedicatedSystem/SharedSystem, Outputs:0, VendorId:0x1414
[2018.03.22-00.36.34:783][  0]LogD3D11RHI: Chosen D3D11 Adapter: 0
[2018.03.22-00.36.34:790][  0]LogD3D11RHI: Creating new Direct3DDevice
[2018.03.22-00.36.34:790][  0]LogD3D11RHI:     GPU DeviceId: 0x1b81 (for the marketing name, search the web for "GPU Device Id")
[2018.03.22-00.36.34:790][  0]LogWindows: EnumDisplayDevices:
[2018.03.22-00.36.34:790][  0]LogWindows:    0. 'NVIDIA GeForce GTX 1070' (P:1 D:1)
[2018.03.22-00.36.34:791][  0]LogWindows:    1. 'NVIDIA GeForce GTX 1070' (P:0 D:0)
[2018.03.22-00.36.34:791][  0]LogWindows:    2. 'NVIDIA GeForce GTX 1070' (P:0 D:0)
[2018.03.22-00.36.34:791][  0]LogWindows:    3. 'NVIDIA GeForce GTX 1070' (P:0 D:0)
[2018.03.22-00.36.34:791][  0]LogWindows: DebugString: GetVideoDriverDetailsInvalid PrimaryIsNotTheChoosenAdapter GetVideoDriverDetailsInvalid PrimaryIsNotTheChoosenAdapter GetVideoDriverDetailsInvalid PrimaryIsNotTheChoosenAdapter GetVideoDriverDetailsInvalid PrimaryIsNotTheChoosenAdapter FoundDriverCount:0 
[2018.03.22-00.36.34:791][  0]LogD3D11RHI:     Adapter Name: NVIDIA GeForce GTX 1070
[2018.03.22-00.36.34:791][  0]LogD3D11RHI:   Driver Version: Unknown (internal:Unknown, unified:Unknown)
[2018.03.22-00.36.34:791][  0]LogD3D11RHI:      Driver Date: Unknown
[2018.03.22-00.36.34:791][  0]LogRHI: Texture pool is 5667 MB (70% of 8096 MB)
[2018.03.22-00.36.34:816][  0]LogD3D11RHI: Async texture creation enabled
[2018.03.22-00.36.34:902][  0]LogD3D11RHI: GPU Timing Frequency: 1000.000000 (Debug: 2 1)
[2018.03.22-00.36.34:959][  0]LogShaderCompilers: Guid format shader working directory is -59 characters bigger than the processId version (../../../../../../Users/peter/Documents/Unreal Projects/MultiplayerTest/CardinalMenu_Project_v171227_418/Intermediate/Shaders/WorkingDirectory/10644/).
[2018.03.22-00.36.34:959][  0]LogShaderCompilers: Cleaned the shader compiler working directory 'C:/Users/peter/AppData/Local/Temp/UnrealShaderWorkingDir/9BFDB0F242229F9077D55C8BEDDFF480/'.
[2018.03.22-00.36.34:960][  0]LogShaderCompilers: Display: Using Local Shader Compiler.
[2018.03.22-00.36.36:502][  0]LogTemp: Display: Loaded TP AllDesktopTargetPlatform
[2018.03.22-00.36.36:543][  0]LogTemp: Display: Loaded TP MacClientTargetPlatform
[2018.03.22-00.36.36:583][  0]LogTemp: Display: Loaded TP MacNoEditorTargetPlatform
[2018.03.22-00.36.36:624][  0]LogTemp: Display: Loaded TP MacServerTargetPlatform
[2018.03.22-00.36.36:668][  0]LogTemp: Display: Loaded TP MacTargetPlatform
[2018.03.22-00.36.36:708][  0]LogTemp: Display: Loaded TP WindowsClientTargetPlatform
[2018.03.22-00.36.36:749][  0]LogTemp: Display: Loaded TP WindowsNoEditorTargetPlatform
[2018.03.22-00.36.36:790][  0]LogTemp: Display: Loaded TP WindowsServerTargetPlatform
[2018.03.22-00.36.36:826][  0]LogTemp: Display: Loaded TP WindowsTargetPlatform
[2018.03.22-00.36.36:866][  0]LogTemp: Display: Loaded TP Android_ASTCTargetPlatform
[2018.03.22-00.36.36:907][  0]LogTemp: Display: Loaded TP Android_ATCTargetPlatform
[2018.03.22-00.36.36:947][  0]LogTemp: Display: Loaded TP Android_DXTTargetPlatform
[2018.03.22-00.36.36:989][  0]LogTemp: Display: Loaded TP Android_ETC1TargetPlatform
[2018.03.22-00.36.37:029][  0]LogTemp: Display: Loaded TP Android_ETC2TargetPlatform
[2018.03.22-00.36.37:120][  0]LogTemp: Display: Loaded TP Android_MultiTargetPlatform
[2018.03.22-00.36.37:120][  0]LogTemp: Display: Loaded TP Android_PVRTCTargetPlatform
[2018.03.22-00.36.37:163][  0]LogTemp: Display: Loaded TP AndroidTargetPlatform
[2018.03.22-00.36.37:195][  0]LogTemp: Display: Loaded TP HTML5TargetPlatform
[2018.03.22-00.36.37:280][  0]LogTemp: Display: Loaded TP IOSTargetPlatform
[2018.03.22-00.36.37:301][  0]LogTemp: Display: Loaded TP TVOSTargetPlatform
[2018.03.22-00.36.37:341][  0]LogTemp: Display: Loaded TP LinuxClientTargetPlatform
[2018.03.22-00.36.37:381][  0]LogTemp: Display: Loaded TP LinuxNoEditorTargetPlatform
[2018.03.22-00.36.37:421][  0]LogTemp: Display: Loaded TP LinuxServerTargetPlatform
[2018.03.22-00.36.37:464][  0]LogTemp: Display: Loaded TP LinuxTargetPlatform
[2018.03.22-00.36.37:464][  0]LogTargetPlatformManager: Display: Building Assets For Windows
[2018.03.22-00.36.37:942][  0]LogDerivedDataCache: Display: Max Cache Size: 512 MB
[2018.03.22-00.36.37:942][  0]LogDerivedDataCache: Display: Starting with empty Boot cache
[2018.03.22-00.36.37:942][  0]LogDerivedDataCache: FDerivedDataBackendGraph:  Pak pak cache file ../../../../../../Users/peter/Documents/Unreal Projects/MultiplayerTest/CardinalMenu_Project_v171227_418/DerivedDataCache/DDC.ddp not found, will not use a pak cache.
[2018.03.22-00.36.37:942][  0]LogDerivedDataCache: Unable to find inner node Pak for hierarchical cache Hierarchy.
[2018.03.22-00.36.37:942][  0]LogDerivedDataCache: FDerivedDataBackendGraph:  CompressedPak pak cache file ../../../../../../Users/peter/Documents/Unreal Projects/MultiplayerTest/CardinalMenu_Project_v171227_418/DerivedDataCache/Compressed.ddp not found, will not use a pak cache.
[2018.03.22-00.36.37:942][  0]LogDerivedDataCache: Unable to find inner node CompressedPak for hierarchical cache Hierarchy.
[2018.03.22-00.36.37:964][  0]LogDerivedDataCache: Display: Pak cache opened for reading ../../../Engine/DerivedDataCache/Compressed.ddp.
[2018.03.22-00.36.37:975][  0]LogDerivedDataCache: Using Local data cache path C:/Users/peter/AppData/Local/UnrealEngine/Common/DerivedDataCache: Writable
[2018.03.22-00.36.38:002][  0]LogMaterial: Verifying Global Shaders for PCD3D_SM5
[2018.03.22-00.36.38:009][  0]LogSlate: Using Freetype 2.6.0
[2018.03.22-00.36.38:022][  0]LogSlate: SlateFontCache - WITH_FREETYPE: 1, WITH_HARFBUZZ: 1
[2018.03.22-00.36.38:023][  0]LogSlate: SlateFontCache - WITH_FREETYPE: 1, WITH_HARFBUZZ: 1
[2018.03.22-00.36.38:966][  0]LogInit: Selected Device Profile: [Windows]
[2018.03.22-00.36.39:163][  0]LogMaterial: Missing cached shader map for material WorldGridMaterial, compiling. Is special engine material.
[2018.03.22-00.37.19:242][  0]LogMaterial: Missing cached shader map for material DefaultDeferredDecalMaterial, compiling. 
[2018.03.22-00.37.26:512][  0]LogMaterial: Missing cached shader map for material DefaultLightFunctionMaterial, compiling. 
[2018.03.22-00.37.27:343][  0]LogMaterial: Missing cached shader map for material DefaultPostProcessMaterial, compiling. 
[2018.03.22-00.37.27:976][  0]LogMaterial: Missing cached shader map for material MatineeCam_mat, compiling. 
[2018.03.22-00.37.28:255][  0]LogSimplygon: Simplygon DLL not present - disabling.
[2018.03.22-00.37.28:297][  0]LogMeshReduction: Using SimplygonSwarm for distributed automatic mesh merging
[2018.03.22-00.37.28:298][  0]LogMeshReduction: Using QuadricMeshReduction for automatic static mesh reduction
[2018.03.22-00.37.28:298][  0]LogMeshReduction: No automatic skeletal mesh reduction module available
[2018.03.22-00.37.28:298][  0]LogMeshReduction: No automatic mesh merging module available
[2018.03.22-00.37.28:298][  0]LogMeshMerging: No automatic mesh merging module available
[2018.03.22-00.37.28:375][  0]LogNetVersion: CardinalMenu , NetCL: 3709383, EngineNetVer: 2, GameNetVer: 0 (Checksum: 1508075921)
[2018.03.22-00.37.28:450][  0]LogMaterial: Missing cached shader map for material HelpActorMaterial, compiling. 
[2018.03.22-00.37.28:748][  0]LogMaterial: Missing cached shader map for material DefaultTextMaterialOpaque, compiling. 
[2018.03.22-00.37.28:914][  0]LogAssetRegistry: FAssetRegistry took 0.0285 seconds to start up
[2018.03.22-00.37.28:968][  0]LogMaterial: Missing cached shader map for material Xray, compiling. 
[2018.03.22-00.37.28:986][  0]LogMaterial: Missing cached shader map for material Main, compiling. 
[2018.03.22-00.37.29:289][  0]LogMaterial: Missing cached shader map for material SnapGridMaterial, compiling. 
[2018.03.22-00.37.29:373][  0]LogMaterial: Missing cached shader map for material TranslucentTransformGizmoMaterial, compiling. 
[2018.03.22-00.37.29:386][  0]LogMaterial: Missing cached shader map for material TransformGizmoMaterial, compiling. 
[2018.03.22-00.37.29:453][  0]LogMaterial: Missing cached shader map for material CineMat, compiling. 
[2018.03.22-00.37.29:564][  0]LogMaterial: Missing cached shader map for material M_SimpleOpaque, compiling. 
[2018.03.22-00.37.29:599][  0]LogMaterial: Missing cached shader map for material M_SimpleTranslucent, compiling. 
[2018.03.22-00.37.29:734][  0]LogMaterial: Missing cached shader map for material Widget3DPassThrough, compiling. 
[2018.03.22-00.37.29:745][  0]LogMaterial: Missing cached shader map for material Widget3DPassThrough, compiling. 
[2018.03.22-00.37.29:770][  0]LogMaterial: Missing cached shader map for material Widget3DPassThrough, compiling. 
[2018.03.22-00.37.29:786][  0]LogMaterial: Missing cached shader map for material Widget3DPassThrough, compiling. 
[2018.03.22-00.37.29:799][  0]LogMaterial: Missing cached shader map for material Widget3DPassThrough, compiling. 
[2018.03.22-00.37.29:819][  0]LogMaterial: Missing cached shader map for material Widget3DPassThrough, compiling. 
[2018.03.22-00.37.29:983][  0]LogMaterial: Missing cached shader map for material SkySphereMaterial, compiling. 
[2018.03.22-00.37.30:005][  0]LogMaterial: Missing cached shader map for material FloorPlaneMaterial, compiling. 
[2018.03.22-00.37.30:218][  0]LogMaterial: Missing cached shader map for material LandscapeGizmo_Mat, compiling. 
[2018.03.22-00.37.30:240][  0]LogMaterial: Missing cached shader map for material LandscapeGizmoHeight_Mat, compiling. 
[2018.03.22-00.37.30:292][  0]LogMaterial: Missing cached shader map for material SplineEditorMeshMat, compiling. 
[2018.03.22-00.37.30:328][  0]LogMaterial: Missing cached shader map for material ARKitCameraMaterial, compiling. 
[2018.03.22-00.37.30:374][  0]LogMaterial: Missing cached shader map for material GearVRControllerMaterial, compiling. 
[2018.03.22-00.37.30:471][  0]LogPackageLocalizationCache: Processed 8 localized package path(s) for 2 prioritized culture(s) in 0.062343 seconds
[2018.03.22-00.37.30:476][  0]LogUObjectArray: 35877 objects as part of root set at end of initial load.
[2018.03.22-00.37.30:476][  0]LogUObjectAllocator: 7577632 out of 0 bytes used by permanent object pool.
[2018.03.22-00.37.30:476][  0]LogUObjectArray: CloseDisregardForGC: 0/0 objects in disregard for GC pool
[2018.03.22-00.37.34:181][  0]LogMaterial: Missing cached shader map for material VivePreControllerMaterial, compiling. 
[2018.03.22-00.37.34:198][  0]LogMaterial: Missing cached shader map for material OculusControllerMaterial, compiling. 
[2018.03.22-00.37.34:215][  0]LogMaterial: Missing cached shader map for material TeleportDirectionMaterial, compiling. 
[2018.03.22-00.37.34:237][  0]LogMaterial: Missing cached shader map for material LaserPointerMaterial, compiling. 
[2018.03.22-00.37.34:253][  0]LogMaterial: Missing cached shader map for material LaserPointerMaterial, compiling. 
[2018.03.22-00.37.34:277][  0]LogMaterial: Missing cached shader map for material KeyDiskMaterial, compiling. 
[2018.03.22-00.37.34:290][  0]LogMaterial: Missing cached shader map for material M_ContentWindow, compiling. 
[2018.03.22-00.37.34:320][  0]LogMaterial: Missing cached shader map for material GridMaterial, compiling. 
[2018.03.22-00.37.34:370][  0]LogMaterial: Missing cached shader map for material GenericHMDMaterial, compiling. 
[2018.03.22-00.37.34:398][  0]LogMaterial: Missing cached shader map for material GridPostProcess, compiling. 
[2018.03.22-00.37.34:405][  0]LogMaterial: Missing cached shader map for material VRTextMaterial, compiling. 
[2018.03.22-00.37.34:419][  0]LogMaterial: Missing cached shader map for material FlattenHeightMat, compiling. 
[2018.03.22-00.37.34:431][  0]LogMaterial: Missing cached shader map for material ArrowMaterial, compiling. 
[2018.03.22-00.37.34:469][  0]LogMaterial: Missing cached shader map for material LineMaterial, compiling. 
[2018.03.22-00.37.34:490][  0]LogMaterial: Missing cached shader map for material VRTextMaterial, compiling. 
[2018.03.22-00.37.35:547][  0]LogMaterial: Missing cached shader map for material DefaultSpriteMaterial, compiling. 
[2018.03.22-00.37.35:565][  0]LogMaterial: Missing cached shader map for material DefaultSpriteMaterial, compiling. 
[2018.03.22-00.37.35:974][  0]LogTcpMessaging: Initializing TcpMessaging bridge
[2018.03.22-00.37.36:022][  0]LogUdpMessaging: Initializing bridge on interface 0.0.0.0:0 to multicast group 230.0.0.1:6666.
[2018.03.22-00.37.36:506][  0]LogMaterial: Missing cached shader map for material DefaultMaterial, compiling. 
[2018.03.22-00.37.37:281][  0]LogMaterial: Missing cached shader map for material BaseColor, compiling. 
[2018.03.22-00.37.37:289][  0]LogMaterial: Missing cached shader map for material CustomDepth, compiling. 
[2018.03.22-00.37.37:314][  0]LogMaterial: Uniform references updated for custom material expression Custom.
[2018.03.22-00.37.37:318][  0]LogMaterial: Missing cached shader map for material CustomStencil, compiling. 
[2018.03.22-00.37.37:327][  0]LogMaterial: Missing cached shader map for material FinalImage, compiling. 
[2018.03.22-00.37.37:337][  0]LogMaterial: Missing cached shader map for material LightingModel, compiling. 
[2018.03.22-00.37.37:347][  0]LogMaterial: Missing cached shader map for material MaterialAO, compiling. 
[2018.03.22-00.37.37:357][  0]LogMaterial: Missing cached shader map for material Metallic, compiling. 
[2018.03.22-00.37.37:366][  0]LogMaterial: Missing cached shader map for material Opacity, compiling. 
[2018.03.22-00.37.37:376][  0]LogMaterial: Missing cached shader map for material Roughness, compiling. 
[2018.03.22-00.37.37:385][  0]LogMaterial: Missing cached shader map for material SceneColor, compiling. 
[2018.03.22-00.37.37:395][  0]LogMaterial: Missing cached shader map for material SceneDepth, compiling. 
[2018.03.22-00.37.37:403][  0]LogMaterial: Missing cached shader map for material SeparateTranslucencyRGB, compiling. 
[2018.03.22-00.37.37:412][  0]LogMaterial: Missing cached shader map for material SeparateTranslucencyA, compiling. 
[2018.03.22-00.37.37:421][  0]LogMaterial: Missing cached shader map for material Specular, compiling. 
[2018.03.22-00.37.37:430][  0]LogMaterial: Missing cached shader map for material SubsurfaceColor, compiling. 
[2018.03.22-00.37.37:439][  0]LogMaterial: Missing cached shader map for material WorldNormal, compiling. 
[2018.03.22-00.37.37:451][  0]LogMaterial: Missing cached shader map for material AmbientOcclusion, compiling. 
[2018.03.22-00.37.37:471][  0]LogMaterial: Missing cached shader map for material CustomDepthWorldUnits, compiling. 
[2018.03.22-00.37.37:482][  0]LogMaterial: Missing cached shader map for material SceneDepthWorldUnits, compiling. 
[2018.03.22-00.37.37:491][  0]LogMaterial: Missing cached shader map for material PreTonemapHDRColor, compiling. 
[2018.03.22-00.37.37:500][  0]LogMaterial: Missing cached shader map for material PostTonemapHDRColor, compiling. 
[2018.03.22-00.37.37:871][  0]SourceControl: Source control is disabled
[2018.03.22-00.37.37:871][  0]SourceControl: Source control is disabled
[2018.03.22-00.37.37:926][  0]SourceControl: Source control is disabled
[2018.03.22-00.37.37:980][  0]SourceControl: Source control is disabled
[2018.03.22-00.37.38:530][  0]LogMaterial: Missing cached shader map for material DefaultMediaPlaneMaterial, compiling. 
[2018.03.22-00.37.38:773][  0]LogAndroidPermission: UAndroidPermissionCallbackProxy::GetInstance
[2018.03.22-00.37.39:024][  0]LogOcInput: OculusInput pre-init called
[2018.03.22-00.37.39:317][  0]LogMaterial: Missing cached shader map for material HighResScreenshot, compiling. 
[2018.03.22-00.37.39:332][  0]LogMaterial: Missing cached shader map for material HighResScreenshotMask, compiling. 
[2018.03.22-00.37.39:347][  0]LogMaterial: Missing cached shader map for material HighResScreenshotCaptureRegion, compiling. 
[2018.03.22-00.37.39:396][  0]LogEngine: Initializing Engine...
[2018.03.22-00.37.39:405][  0]LogHMD: Failed to initialize OpenVR with code 110
[2018.03.22-00.37.39:412][  0]LogMaterial: Missing cached shader map for material WireframeMaterial, compiling. Is special engine material.
[2018.03.22-00.37.39:583][  0]LogMaterial: Missing cached shader map for material LevelColorationLitMaterial, compiling. Is special engine material.
[2018.03.22-00.37.40:043][  0]LogMaterial: Missing cached shader map for material LevelColorationUnlitMaterial, compiling. Is special engine material.
[2018.03.22-00.37.40:188][  0]LogMaterial: Missing cached shader map for material MAT_LevelColorationLitLightmapUV, compiling. Is special engine material.
[2018.03.22-00.37.40:649][  0]LogMaterial: Missing cached shader map for material ShadedLevelColorationLitMaterial, compiling. Is special engine material.
[2018.03.22-00.37.41:105][  0]LogMaterial: Missing cached shader map for material ShadedLevelColorationUnlitMateri, compiling. Is special engine material.
[2018.03.22-00.37.41:241][  0]LogMaterial: Missing cached shader map for material VertexColorMaterial, compiling. 
[2018.03.22-00.37.41:316][  0]LogMaterial: Missing cached shader map for material VertexColorViewMode_ColorOnly, compiling. 
[2018.03.22-00.37.41:335][  0]LogMaterial: Missing cached shader map for material VertexColorViewMode_AlphaAsColor, compiling. 
[2018.03.22-00.37.41:350][  0]LogMaterial: Missing cached shader map for material VertexColorViewMode_RedOnly, compiling. 
[2018.03.22-00.37.41:365][  0]LogMaterial: Missing cached shader map for material VertexColorViewMode_GreenOnly, compiling. 
[2018.03.22-00.37.41:381][  0]LogMaterial: Missing cached shader map for material VertexColorViewMode_BlueOnly, compiling. 
[2018.03.22-00.37.41:394][  0]LogMaterial: Missing cached shader map for material RemoveSurfaceMaterial, compiling. 
[2018.03.22-00.37.41:402][  0]LogMaterial: Missing cached shader map for material DebugMeshMaterial, compiling. 
[2018.03.22-00.37.41:422][  0]LogMaterial: Missing cached shader map for material M_InvalidLightmapSettings, compiling. 
[2018.03.22-00.37.41:454][  0]LogMaterial: Missing cached shader map for material GizmoMaterial, compiling. 
[2018.03.22-00.37.41:472][  0]LogMaterial: Missing cached shader map for material PhAT_JointLimitMaterial, compiling. 
[2018.03.22-00.37.41:493][  0]LogMaterial: Missing cached shader map for material GeomMaterial, compiling. 
[2018.03.22-00.37.41:503][  0]LogMaterial: Missing cached shader map for material EditorBrushMaterial, compiling. 
[2018.03.22-00.37.41:520][  0]LogMaterial: Missing cached shader map for material BoneWeightMaterial, compiling. 
[2018.03.22-00.37.41:597][  0]LogMaterial: Missing cached shader map for material ClothMaterial, compiling. 
[2018.03.22-00.37.41:612][  0]LogMaterial: Missing cached shader map for material ClothMaterial_WF, compiling. 
[2018.03.22-00.37.41:631][  0]LogMaterial: Missing cached shader map for material DebugEditorMaterial, compiling. 
[2018.03.22-00.37.41:644][  0]LogMaterial: Missing cached shader map for material PreviewShadowIndicatorMaterial, compiling. 
[2018.03.22-00.37.41:843][  0]LogStats: UGameplayTagsManager::ConstructGameplayTagTree: Construct from data asset -  0.000 s
[2018.03.22-00.37.41:844][  0]LogStats: UGameplayTagsManager::ConstructGameplayTagTree: GameplayTagTreeChangedEvent.Broadcast -  0.000 s
[2018.03.22-00.37.42:025][  0]LogAIModule: Creating AISystem for world Untitled
[2018.03.22-00.37.42:065][  0]LogInit: XAudio2 using 'MG248-0 (NVIDIA High Definition Audio)' : 2 channels at 48 kHz using 16 bits per sample (channel mask 0x3)
[2018.03.22-00.37.42:078][  0]LogInit: FAudioDevice initialized.
[2018.03.22-00.37.42:143][  0]LogDerivedDataCache: Saved boot cache 0.06s 69MB C:/Users/peter/AppData/Local/UnrealEngine/4.18/DerivedDataCache/Boot.ddc.
[2018.03.22-00.37.42:154][  0]LogInit: Texture streaming: Enabled
[2018.03.22-00.37.42:259][  0]LogEngineSessionManager: EngineSessionManager initialized
[2018.03.22-00.37.42:396][  0]LogInit: Transaction tracking system initialized
[2018.03.22-00.37.42:729][  0]BlueprintLog: New page: Editor Load
[2018.03.22-00.37.43:724][  0]LocalizationService: Localization service is disabled
[2018.03.22-00.37.44:511][  0]LogConsoleResponse: Display: 
[2018.03.22-00.37.44:551][  0]LogMaterial: Missing cached shader map for material Cross_Mat, compiling. 
[2018.03.22-00.37.44:569][  0]LogMaterial: Missing cached shader map for material PhAT_BoneSelectedMaterial, compiling. 
[2018.03.22-00.37.44:580][  0]LogMaterial: Missing cached shader map for material PhAT_ElemSelectedMaterial, compiling. 
[2018.03.22-00.37.44:594][  0]LogMaterial: Missing cached shader map for material PhAT_NoCollisionMaterial, compiling. 
[2018.03.22-00.37.44:605][  0]LogMaterial: Missing cached shader map for material PhAT_UnselectedMaterial, compiling. 
[2018.03.22-00.37.44:618][  0]LogMaterial: Missing cached shader map for material Tick_Mat, compiling. 
[2018.03.22-00.37.44:637][  0]LogMaterial: Missing cached shader map for material WidgetGridVertexColorMaterial_Ma, compiling. 
[2018.03.22-00.37.44:650][  0]LogMaterial: Missing cached shader map for material WidgetMaterial, compiling. 
[2018.03.22-00.37.44:662][  0]LogMaterial: Missing cached shader map for material WidgetMaterial_Current, compiling. 
[2018.03.22-00.37.44:673][  0]LogMaterial: Missing cached shader map for material WidgetMaterial_X, compiling. 
[2018.03.22-00.37.44:686][  0]LogMaterial: Missing cached shader map for material WidgetMaterial_Y, compiling. 
[2018.03.22-00.37.44:698][  0]LogMaterial: Missing cached shader map for material WidgetMaterial_Z, compiling. 
[2018.03.22-00.37.44:710][  0]LogMaterial: Missing cached shader map for material WidgetVertexColorMaterial, compiling. 
[2018.03.22-00.37.44:757][  0]LogMaterial: Missing cached shader map for material LevelGridMaterial, compiling. 
[2018.03.22-00.37.44:801][  0]LogMaterial: Missing cached shader map for material BlinkingCaret, compiling. 
[2018.03.22-00.37.44:851][  0]LogMaterial: Missing cached shader map for material M_StreamingPause, compiling. 
[2018.03.22-00.37.44:888][  0]LogFileCache: Scanning file cache for directory 'C:/Users/peter/Documents/Unreal Projects/MultiplayerTest/CardinalMenu_Project_v171227_418/Content/' took 0.01s
[2018.03.22-00.37.44:888][  0]LogCook: Display: Max memory allowance for cook 16384mb min free memory 0mb
[2018.03.22-00.37.44:889][  0]LogCook: Display: Mobile HDR setting 1
[2018.03.22-00.37.44:889][  0]LogGameplayTags: Display: UGameplayTagsManager::DoneAddingNativeTags. DelegateIsBound: 0
[2018.03.22-00.37.46:129][  0]SourceControl: Source control is disabled
[2018.03.22-00.37.46:133][  0]LightingResults: New page: Lighting Build
[2018.03.22-00.37.46:186][  0]MapCheck: New page: Map Check
[2018.03.22-00.37.46:186][  0]LightingResults: New page: Lighting Build
[2018.03.22-00.37.49:823][  0]LogTexture: Display: Building textures: rounded-20px (BGRA8, 250X250)
[2018.03.22-00.37.49:823][  0]LogTexture: Display: Building textures: nvdg-250x70-20xrounded (BGRA8, 252X71)
[2018.03.22-00.37.49:823][  0]LogTexture: Display: Building textures: metahusk-logo15b (BGRA8, 221X65)
[2018.03.22-00.37.49:823][  0]LogTexture: Display: Building textures: cardinal-fall-small (BGRA8, 383X106)
[2018.03.22-00.37.49:823][  0]LogTexture: Display: Building textures: person-outline (AutoDXT, 512X512)
[2018.03.22-00.37.49:823][  0]LogTexture: Display: Building textures: server (AutoDXT, 800X800)
[2018.03.22-00.37.49:823][  0]LogTexture: Display: Building textures: lan-network (AutoDXT, 128X128)
[2018.03.22-00.37.49:823][  0]LogTexture: Display: Building textures: grey_button05 (BGRA8, 195X49)
[2018.03.22-00.37.49:823][  0]LogTexture: Display: Building textures: grey_box (BGRA8, 38X36)
[2018.03.22-00.37.49:823][  0]LogTexture: Display: Building textures: donate (BGRA8, 349X127)
[2018.03.22-00.37.49:835][  0]LogMaterial: Missing cached shader map for material M_Bokah, compiling. 
[2018.03.22-00.37.49:945][  0]LogMaterial: Missing cached shader map for material M_CameraCorona, compiling. 
[2018.03.22-00.37.50:144][  0]LogMaterial: Missing cached shader map for material M_UE4Man_Body, compiling. 
[2018.03.22-00.37.50:401][  0]LogMaterial: Missing cached shader map for material M_UE4Man_Body, compiling. 
[2018.03.22-00.37.50:961][  0]LogAudioDerivedData: Display: Building compressed audio format OGG wave The_Past_and_Present...
[2018.03.22-00.37.51:929][  0]LogAudioDerivedData: Display: Building compressed audio format OGG wave A_Sense_of_Time...
[2018.03.22-00.37.52:680][  0]LogAudioDerivedData: Display: Building compressed audio format OGG wave A_Time_for_Justice...
[2018.03.22-00.37.53:526][  0]LogAudioDerivedData: Display: Building compressed audio format OGG wave A_Tainted_Past_-_PT...
[2018.03.22-00.37.54:198][  0]LogAudioDerivedData: Display: Building compressed audio format OGG wave Click2-Sebastian-759472264...
[2018.03.22-00.37.54:324][  0]LogAIModule: Creating AISystem for world MainMenu
[2018.03.22-00.37.54:475][  0]LogEditorServer: Finished looking for orphan Actors (0.000 secs)
[2018.03.22-00.37.54:529][  0]Cmd: MAP CHECKDEP NOCLEARLOG
[2018.03.22-00.37.54:578][  0]MapCheck: Map check complete: 0 Error(s), 0 Warning(s), took 47.797ms to complete.
[2018.03.22-00.37.54:578][  0]LogFileHelpers: Loading map 'MainMenu' took 8.447
[2018.03.22-00.37.54:861][  0]LogCollectionManager: Loaded 0 collections in 0.001353 seconds
[2018.03.22-00.37.54:963][  0]LogFileCache: Scanning file cache for directory 'C:/Users/peter/Documents/Unreal Projects/MultiplayerTest/CardinalMenu_Project_v171227_418/Saved/Collections/' took 0.01s
[2018.03.22-00.37.54:963][  0]LogFileCache: Scanning file cache for directory 'C:/Users/peter/Documents/Unreal Projects/MultiplayerTest/CardinalMenu_Project_v171227_418/Content/Developers/peter/Collections/' took 0.01s
[2018.03.22-00.37.54:963][  0]LogFileCache: Scanning file cache for directory 'C:/Users/peter/Documents/Unreal Projects/MultiplayerTest/CardinalMenu_Project_v171227_418/Content/Collections/' took 0.01s
[2018.03.22-00.37.54:963][  0]LogCollectionManager: Rebuilt the GUID cache for 0 collections in 0.000000 seconds
[2018.03.22-00.37.54:975][  0]LogContentBrowser: Native class hierarchy populated in 0.0095 seconds. Added 2407 classes and 545 folders.
[2018.03.22-00.37.55:045][  0]LogContentBrowser: Native class hierarchy updated for 'WidgetCarousel' in 0.0004 seconds. Added 0 classes and 0 folders.
[2018.03.22-00.37.55:343][  0]LogContentBrowser: Native class hierarchy updated for 'AddContentDialog' in 0.0004 seconds. Added 0 classes and 0 folders.
[2018.03.22-00.37.55:394][  0]LogContentBrowser: Native class hierarchy updated for 'SceneOutliner' in 0.0004 seconds. Added 1 classes and 2 folders.
[2018.03.22-00.37.55:507][  0]LogSlate: Took 0.008192 seconds to synchronously load lazily loaded font '../../../Engine/Content/Slate/Fonts/Roboto-Regular.ttf' (155K)
[2018.03.22-00.37.55:515][  0]LogSlate: Took 0.004566 seconds to synchronously load lazily loaded font '../../../Engine/Content/Slate/Fonts/Roboto-Bold.ttf' (160K)
[2018.03.22-00.37.55:529][  0]LogSlate: Took 0.005281 seconds to synchronously load lazily loaded font '../../../Engine/Content/Editor/Slate/Fonts/FontAwesome.ttf' (139K)
[2018.03.22-00.37.55:606][  0]LogMaterial: Missing cached shader map for material LevelGridMaterial2, compiling. 
[2018.03.22-00.37.55:669][  0]LogRenderer: Reallocating scene render targets to support 1208x576 Format 10 NumSamples 1 (Frame:1).
[2018.03.22-00.37.55:930][  0]LogContentBrowser: Native class hierarchy updated for 'HierarchicalLODOutliner' in 0.0004 seconds. Added 1 classes and 2 folders.
[2018.03.22-00.37.55:931][  0]LogLoad: (Engine Initialization) Total time: 86.14 seconds
[2018.03.22-00.37.55:931][  0]LogLoad: (Engine Initialization) Total Blueprint compile time: 0.00 seconds
[2018.03.22-00.37.55:931][  0]LogExternalProfiler: No external profilers were discovered.  External profiling features will not be available.
[2018.03.22-00.37.55:944][  0]LogWindowsTextInputMethodSystem: Display: IME system now deactivated.
[2018.03.22-00.37.56:103][  0]LogSteamController: SteamController is not available
[2018.03.22-00.37.56:143][  0]LogContentStreaming: Texture pool size now 1000 MB
[2018.03.22-00.37.56:172][  0]LogSlate: Took 0.004570 seconds to synchronously load lazily loaded font '../../../Engine/Content/Slate/Fonts/Roboto-Light.ttf' (159K)
[2018.03.22-00.37.56:254][  1]LogFileCache: Retrieving MD5 hashes for directory 'C:/Users/peter/Documents/Unreal Projects/MultiplayerTest/CardinalMenu_Project_v171227_418/Content/' took 0.14s
[2018.03.22-00.37.56:258][  1]LogAssetRegistry: Asset discovery search completed in 27.3661 seconds
[2018.03.22-00.37.56:260][  1]LogCollectionManager: Rebuilt the object cache for 0 collections in 0.000000 seconds (found 0 objects)
[2018.03.22-00.37.56:260][  1]LogCollectionManager: Fixed up redirectors for 0 collections in 0.000046 seconds (updated 0 objects)
[2018.03.22-00.39.30:886][524]LogSlate: Took 0.000154 seconds to synchronously load lazily loaded font '../../../Engine/Content/Slate/Fonts/Roboto-Light.ttf' (159K)
[2018.03.22-00.43.05:107][223]LogDirectoryWatcher: A directory notification for '../../../Engine/Plugins/' was aborted.
[2018.03.22-00.43.05:107][223]LogDirectoryWatcher: A directory notification for '../../../../../../Users/peter/Documents/Unreal Projects/MultiplayerTest/CardinalMenu_Project_v171227_418/Plugins/' was aborted.
